<?xml version="1.0" encoding="UTF-8"?>
<testsuite name="com.hub.social.domain.UserTest" tests="2" skipped="0" failures="0" errors="0" timestamp="2019-06-11T15:10:28" hostname="CO-IT005102" time="0.003">
  <properties/>
  <testcase name="shouldRejectLongMessages" classname="com.hub.social.domain.UserTest" time="0.001"/>
  <testcase name="shouldPublish" classname="com.hub.social.domain.UserTest" time="0.002"/>
  <system-out><![CDATA[]]></system-out>
  <system-err><![CDATA[]]></system-err>
</testsuite>
