<?xml version="1.0" encoding="UTF-8"?>
<testsuite name="com.hub.social.querydsl.FindMessageQueryDslPredicateTest" tests="6" skipped="0" failures="0" errors="0" timestamp="2019-06-11T15:10:30" hostname="CO-IT005102" time="0.195">
  <properties/>
  <testcase name="authorName" classname="com.hub.social.querydsl.FindMessageQueryDslPredicateTest" time="0.11"/>
  <testcase name="authoredBy" classname="com.hub.social.querydsl.FindMessageQueryDslPredicateTest" time="0.016"/>
  <testcase name="contains" classname="com.hub.social.querydsl.FindMessageQueryDslPredicateTest" time="0.022"/>
  <testcase name="publishedAfter" classname="com.hub.social.querydsl.FindMessageQueryDslPredicateTest" time="0.013"/>
  <testcase name="shouldNotFindAny" classname="com.hub.social.querydsl.FindMessageQueryDslPredicateTest" time="0.017"/>
  <testcase name="publishedBefore" classname="com.hub.social.querydsl.FindMessageQueryDslPredicateTest" time="0.01"/>
  <system-out><![CDATA[2019-06-11 10:10:29.420  INFO 15148 --- [    Test worker] o.s.t.c.support.AbstractContextLoader    : Could not detect default resource locations for test class [com.hub.social.querydsl.FindMessageQueryDslPredicateTest]: no resource found for suffixes {-context.xml, Context.groovy}.
2019-06-11 10:10:29.440  INFO 15148 --- [    Test worker] .b.t.c.SpringBootTestContextBootstrapper : Loaded default TestExecutionListener class names from location [META-INF/spring.factories]: [org.springframework.boot.test.mock.mockito.MockitoTestExecutionListener, org.springframework.boot.test.mock.mockito.ResetMocksTestExecutionListener, org.springframework.boot.test.autoconfigure.restdocs.RestDocsTestExecutionListener, org.springframework.boot.test.autoconfigure.web.client.MockRestServiceServerResetTestExecutionListener, org.springframework.boot.test.autoconfigure.web.servlet.MockMvcPrintOnlyOnFailureTestExecutionListener, org.springframework.boot.test.autoconfigure.web.servlet.WebDriverTestExecutionListener, org.springframework.test.context.web.ServletTestExecutionListener, org.springframework.test.context.support.DirtiesContextBeforeModesTestExecutionListener, org.springframework.test.context.support.DependencyInjectionTestExecutionListener, org.springframework.test.context.support.DirtiesContextTestExecutionListener, org.springframework.test.context.transaction.TransactionalTestExecutionListener, org.springframework.test.context.jdbc.SqlScriptsTestExecutionListener]
2019-06-11 10:10:29.443  INFO 15148 --- [    Test worker] .b.t.c.SpringBootTestContextBootstrapper : Using TestExecutionListeners: [org.springframework.test.context.web.ServletTestExecutionListener@70b97204, org.springframework.test.context.support.DirtiesContextBeforeModesTestExecutionListener@4c220abb, org.springframework.boot.test.autoconfigure.SpringBootDependencyInjectionTestExecutionListener@7a66a5d9, org.springframework.test.context.support.DirtiesContextTestExecutionListener@3f69d432, org.springframework.test.context.transaction.TransactionalTestExecutionListener@4fbb889, org.springframework.test.context.jdbc.SqlScriptsTestExecutionListener@58d01d7f, org.springframework.boot.test.mock.mockito.ResetMocksTestExecutionListener@175733d1, org.springframework.boot.test.autoconfigure.web.client.MockRestServiceServerResetTestExecutionListener@666ead4d, org.springframework.boot.test.autoconfigure.web.servlet.WebDriverTestExecutionListener@3f886ef9, org.springframework.boot.test.autoconfigure.restdocs.RestDocsTestExecutionListener@676ba792, org.springframework.boot.test.autoconfigure.web.servlet.MockMvcPrintOnlyOnFailureTestExecutionListener@498cd915, org.springframework.boot.test.mock.mockito.MockitoTestExecutionListener@5a9b11ac]

  .   ____          _            __ _ _
 /\\ / ___'_ __ _ _(_)_ __  __ _ \ \ \ \
( ( )\___ | '_ | '_| | '_ \/ _` | \ \ \ \
 \\/  ___)| |_)| | | | | || (_| |  ) ) ) )
  '  |____| .__|_| |_|_| |_\__, | / / / /
 =========|_|==============|___/=/_/_/_/
 :: Spring Boot ::        (v1.5.1.RELEASE)

2019-06-11 10:10:29.554  INFO 15148 --- [    Test worker] c.h.s.q.FindMessageQueryDslPredicateTest : Starting FindMessageQueryDslPredicateTest on CO-IT005102 with PID 15148 (started by julian.tobon in C:\Users\julian.tobon\Desktop\rest-master)
2019-06-11 10:10:29.554  INFO 15148 --- [    Test worker] c.h.s.q.FindMessageQueryDslPredicateTest : No active profile set, falling back to default profiles: default
2019-06-11 10:10:29.557  INFO 15148 --- [    Test worker] s.c.a.AnnotationConfigApplicationContext : Refreshing org.springframework.context.annotation.AnnotationConfigApplicationContext@2560e6f7: startup date [Tue Jun 11 10:10:29 COT 2019]; root of context hierarchy
2019-06-11 10:10:29.826  INFO 15148 --- [    Test worker] beddedDataSourceBeanFactoryPostProcessor : Replacing 'dataSource' DataSource bean with embedded version
2019-06-11 10:10:29.826  INFO 15148 --- [    Test worker] o.s.b.f.s.DefaultListableBeanFactory     : Overriding bean definition for bean 'dataSource' with a different definition: replacing [Root bean: class [null]; scope=; abstract=false; lazyInit=false; autowireMode=3; dependencyCheck=0; autowireCandidate=true; primary=false; factoryBeanName=org.springframework.boot.autoconfigure.jdbc.DataSourceConfiguration$Tomcat; factoryMethodName=dataSource; initMethodName=null; destroyMethodName=(inferred); defined in class path resource [org/springframework/boot/autoconfigure/jdbc/DataSourceConfiguration$Tomcat.class]] with [Root bean: class [org.springframework.boot.test.autoconfigure.jdbc.TestDatabaseAutoConfiguration$EmbeddedDataSourceFactoryBean]; scope=; abstract=false; lazyInit=false; autowireMode=0; dependencyCheck=0; autowireCandidate=true; primary=false; factoryBeanName=null; factoryMethodName=null; initMethodName=null; destroyMethodName=null]
2019-06-11 10:10:29.827  WARN 15148 --- [    Test worker] o.s.c.a.ConfigurationClassPostProcessor  : Cannot enhance @Configuration bean definition 'embeddedDataSourceBeanFactoryPostProcessor' since its singleton instance has been created too early. The typical cause is a non-static @Bean method with a BeanDefinitionRegistryPostProcessor return type: Consider declaring such methods as 'static'.
2019-06-11 10:10:29.847  INFO 15148 --- [    Test worker] f.a.AutowiredAnnotationBeanPostProcessor : JSR-330 'javax.inject.Inject' annotation found and supported for autowiring
2019-06-11 10:10:29.938  INFO 15148 --- [    Test worker] o.s.j.d.e.EmbeddedDatabaseFactory        : Starting embedded database: url='jdbc:h2:mem:3491e807-9310-4b7e-bc03-2531cfe91158;DB_CLOSE_DELAY=-1;DB_CLOSE_ON_EXIT=false', username='sa'
2019-06-11 10:10:30.385  INFO 15148 --- [    Test worker] liquibase                                : Successfully acquired change log lock
2019-06-11 10:10:30.391  INFO 15148 --- [    Test worker] liquibase                                : Creating database history table with name: PUBLIC.DATABASECHANGELOG
2019-06-11 10:10:30.393  INFO 15148 --- [    Test worker] liquibase                                : Reading from PUBLIC.DATABASECHANGELOG
2019-06-11 10:10:30.411  INFO 15148 --- [    Test worker] liquibase                                : classpath:/db/changelog/db.changelog-master.yaml: classpath:/db/changelog/db.changelog-master.yaml::1::andres.postiglioni: SQL in file db/changelog/migrations/v001.up.sql executed
2019-06-11 10:10:30.412  INFO 15148 --- [    Test worker] liquibase                                : classpath:/db/changelog/db.changelog-master.yaml: classpath:/db/changelog/db.changelog-master.yaml::1::andres.postiglioni: ChangeSet classpath:/db/changelog/db.changelog-master.yaml::1::andres.postiglioni ran successfully in 16ms
2019-06-11 10:10:30.414  INFO 15148 --- [    Test worker] liquibase                                : Successfully released change log lock
2019-06-11 10:10:30.485  INFO 15148 --- [    Test worker] j.LocalContainerEntityManagerFactoryBean : Building JPA container EntityManagerFactory for persistence unit 'default'
2019-06-11 10:10:30.485  INFO 15148 --- [    Test worker] o.hibernate.jpa.internal.util.LogHelper  : HHH000204: Processing PersistenceUnitInfo [
	name: default
	...]
2019-06-11 10:10:30.505  INFO 15148 --- [    Test worker] org.hibernate.dialect.Dialect            : HHH000400: Using dialect: org.hibernate.dialect.H2Dialect
2019-06-11 10:10:30.539  WARN 15148 --- [    Test worker] o.h.j.i.EntityManagerFactoryRegistry     : HHH000436: Entity manager factory name (default) is already registered.  If entity manager will be clustered or passivated, specify a unique value for property 'hibernate.ejb.entitymanager_factory_name'
2019-06-11 10:10:30.539  INFO 15148 --- [    Test worker] j.LocalContainerEntityManagerFactoryBean : Initialized JPA EntityManagerFactory for persistence unit 'default'
2019-06-11 10:10:30.711  INFO 15148 --- [    Test worker] c.h.s.q.FindMessageQueryDslPredicateTest : Started FindMessageQueryDslPredicateTest in 1.26 seconds (JVM running for 9.207)
2019-06-11 10:10:30.724  INFO 15148 --- [    Test worker] o.s.t.c.transaction.TransactionContext   : Began transaction (1) for test context [DefaultTestContext@1fff590b testClass = FindMessageQueryDslPredicateTest, testInstance = com.hub.social.querydsl.FindMessageQueryDslPredicateTest@14f86fdc, testMethod = authorName@FindMessageQueryDslPredicateTest, testException = [null], mergedContextConfiguration = [MergedContextConfiguration@4db57c39 testClass = FindMessageQueryDslPredicateTest, locations = '{}', classes = '{class com.hub.social.domain.JpaTestConfiguration}', contextInitializerClasses = '[]', activeProfiles = '{}', propertySourceLocations = '{}', propertySourceProperties = '{org.springframework.boot.test.context.SpringBootTestContextBootstrapper=true}', contextCustomizers = set[[ImportsContextCustomizer@36d03c27 key = [Package Import com.hub.social.querydsl, org.springframework.boot.autoconfigure.cache.CacheAutoConfiguration, org.springframework.boot.autoconfigure.data.jpa.JpaRepositoriesAutoConfiguration, org.springframework.boot.autoconfigure.flyway.FlywayAutoConfiguration, org.springframework.boot.autoconfigure.jdbc.DataSourceAutoConfiguration, org.springframework.boot.autoconfigure.jdbc.DataSourceTransactionManagerAutoConfiguration, org.springframework.boot.autoconfigure.jdbc.JdbcTemplateAutoConfiguration, org.springframework.boot.autoconfigure.liquibase.LiquibaseAutoConfiguration, org.springframework.boot.autoconfigure.orm.jpa.HibernateJpaAutoConfiguration, org.springframework.boot.autoconfigure.transaction.TransactionAutoConfiguration, org.springframework.boot.test.autoconfigure.jdbc.TestDatabaseAutoConfiguration, org.springframework.boot.test.autoconfigure.orm.jpa.TestEntityManagerAutoConfiguration]], org.springframework.boot.test.context.filter.ExcludeFilterContextCustomizer@66f794a2, org.springframework.boot.test.mock.mockito.MockitoContextCustomizer@0, org.springframework.boot.test.autoconfigure.OverrideAutoConfigurationContextCustomizerFactory$DisableAutoConfigurationContextCustomizer@2d13cec9, org.springframework.boot.test.autoconfigure.filter.TypeExcludeFiltersContextCustomizer@351584c0, org.springframework.boot.test.autoconfigure.properties.PropertyMappingContextCustomizer@98ec8bd, org.springframework.boot.test.autoconfigure.web.servlet.WebDriverContextCustomizerFactory$Customizer@2d302586], contextLoader = 'org.springframework.boot.test.context.SpringBootContextLoader', parent = [null]]]; transaction manager [org.springframework.orm.jpa.JpaTransactionManager@2ff0a66e]; rollback [true]
Hibernate: select user0_.id as id1_2_1_, user0_.email as email2_2_1_, user0_.username as username3_2_1_, messages1_.author_id as author_i4_0_3_, messages1_.id as id1_0_3_, messages1_.id as id1_0_0_, messages1_.author_id as author_i4_0_0_, messages1_.body as body2_0_0_, messages1_.publish_time as publish_3_0_0_ from user user0_ left outer join message messages1_ on user0_.id=messages1_.author_id where user0_.id=? order by messages1_.publish_time desc
Hibernate: select message0_.id as id1_0_0_, message0_.author_id as author_i4_0_0_, message0_.body as body2_0_0_, message0_.publish_time as publish_3_0_0_ from message message0_ where message0_.id=?
2019-06-11 10:10:30.819  INFO 15148 --- [    Test worker] o.h.h.i.QueryTranslatorFactoryInitiator  : HHH000397: Using ASTQueryTranslatorFactory
Hibernate: insert into user (email, username, id) values (?, ?, ?)
Hibernate: insert into message (author_id, body, publish_time, id) values (?, ?, ?, ?)
Hibernate: select message0_.id as id1_0_, message0_.author_id as author_i4_0_, message0_.body as body2_0_, message0_.publish_time as publish_3_0_ from message message0_ cross join user user1_ where message0_.author_id=user1_.id and user1_.username=?
2019-06-11 10:10:30.832  INFO 15148 --- [    Test worker] o.s.t.c.transaction.TransactionContext   : Rolled back transaction for test context [DefaultTestContext@1fff590b testClass = FindMessageQueryDslPredicateTest, testInstance = com.hub.social.querydsl.FindMessageQueryDslPredicateTest@14f86fdc, testMethod = authorName@FindMessageQueryDslPredicateTest, testException = [null], mergedContextConfiguration = [MergedContextConfiguration@4db57c39 testClass = FindMessageQueryDslPredicateTest, locations = '{}', classes = '{class com.hub.social.domain.JpaTestConfiguration}', contextInitializerClasses = '[]', activeProfiles = '{}', propertySourceLocations = '{}', propertySourceProperties = '{org.springframework.boot.test.context.SpringBootTestContextBootstrapper=true}', contextCustomizers = set[[ImportsContextCustomizer@36d03c27 key = [Package Import com.hub.social.querydsl, org.springframework.boot.autoconfigure.cache.CacheAutoConfiguration, org.springframework.boot.autoconfigure.data.jpa.JpaRepositoriesAutoConfiguration, org.springframework.boot.autoconfigure.flyway.FlywayAutoConfiguration, org.springframework.boot.autoconfigure.jdbc.DataSourceAutoConfiguration, org.springframework.boot.autoconfigure.jdbc.DataSourceTransactionManagerAutoConfiguration, org.springframework.boot.autoconfigure.jdbc.JdbcTemplateAutoConfiguration, org.springframework.boot.autoconfigure.liquibase.LiquibaseAutoConfiguration, org.springframework.boot.autoconfigure.orm.jpa.HibernateJpaAutoConfiguration, org.springframework.boot.autoconfigure.transaction.TransactionAutoConfiguration, org.springframework.boot.test.autoconfigure.jdbc.TestDatabaseAutoConfiguration, org.springframework.boot.test.autoconfigure.orm.jpa.TestEntityManagerAutoConfiguration]], org.springframework.boot.test.context.filter.ExcludeFilterContextCustomizer@66f794a2, org.springframework.boot.test.mock.mockito.MockitoContextCustomizer@0, org.springframework.boot.test.autoconfigure.OverrideAutoConfigurationContextCustomizerFactory$DisableAutoConfigurationContextCustomizer@2d13cec9, org.springframework.boot.test.autoconfigure.filter.TypeExcludeFiltersContextCustomizer@351584c0, org.springframework.boot.test.autoconfigure.properties.PropertyMappingContextCustomizer@98ec8bd, org.springframework.boot.test.autoconfigure.web.servlet.WebDriverContextCustomizerFactory$Customizer@2d302586], contextLoader = 'org.springframework.boot.test.context.SpringBootContextLoader', parent = [null]]].
2019-06-11 10:10:30.835  INFO 15148 --- [    Test worker] o.s.t.c.transaction.TransactionContext   : Began transaction (1) for test context [DefaultTestContext@1fff590b testClass = FindMessageQueryDslPredicateTest, testInstance = com.hub.social.querydsl.FindMessageQueryDslPredicateTest@640070e2, testMethod = authoredBy@FindMessageQueryDslPredicateTest, testException = [null], mergedContextConfiguration = [MergedContextConfiguration@4db57c39 testClass = FindMessageQueryDslPredicateTest, locations = '{}', classes = '{class com.hub.social.domain.JpaTestConfiguration}', contextInitializerClasses = '[]', activeProfiles = '{}', propertySourceLocations = '{}', propertySourceProperties = '{org.springframework.boot.test.context.SpringBootTestContextBootstrapper=true}', contextCustomizers = set[[ImportsContextCustomizer@36d03c27 key = [Package Import com.hub.social.querydsl, org.springframework.boot.autoconfigure.cache.CacheAutoConfiguration, org.springframework.boot.autoconfigure.data.jpa.JpaRepositoriesAutoConfiguration, org.springframework.boot.autoconfigure.flyway.FlywayAutoConfiguration, org.springframework.boot.autoconfigure.jdbc.DataSourceAutoConfiguration, org.springframework.boot.autoconfigure.jdbc.DataSourceTransactionManagerAutoConfiguration, org.springframework.boot.autoconfigure.jdbc.JdbcTemplateAutoConfiguration, org.springframework.boot.autoconfigure.liquibase.LiquibaseAutoConfiguration, org.springframework.boot.autoconfigure.orm.jpa.HibernateJpaAutoConfiguration, org.springframework.boot.autoconfigure.transaction.TransactionAutoConfiguration, org.springframework.boot.test.autoconfigure.jdbc.TestDatabaseAutoConfiguration, org.springframework.boot.test.autoconfigure.orm.jpa.TestEntityManagerAutoConfiguration]], org.springframework.boot.test.context.filter.ExcludeFilterContextCustomizer@66f794a2, org.springframework.boot.test.mock.mockito.MockitoContextCustomizer@0, org.springframework.boot.test.autoconfigure.OverrideAutoConfigurationContextCustomizerFactory$DisableAutoConfigurationContextCustomizer@2d13cec9, org.springframework.boot.test.autoconfigure.filter.TypeExcludeFiltersContextCustomizer@351584c0, org.springframework.boot.test.autoconfigure.properties.PropertyMappingContextCustomizer@98ec8bd, org.springframework.boot.test.autoconfigure.web.servlet.WebDriverContextCustomizerFactory$Customizer@2d302586], contextLoader = 'org.springframework.boot.test.context.SpringBootContextLoader', parent = [null]]]; transaction manager [org.springframework.orm.jpa.JpaTransactionManager@2ff0a66e]; rollback [true]
Hibernate: select user0_.id as id1_2_1_, user0_.email as email2_2_1_, user0_.username as username3_2_1_, messages1_.author_id as author_i4_0_3_, messages1_.id as id1_0_3_, messages1_.id as id1_0_0_, messages1_.author_id as author_i4_0_0_, messages1_.body as body2_0_0_, messages1_.publish_time as publish_3_0_0_ from user user0_ left outer join message messages1_ on user0_.id=messages1_.author_id where user0_.id=? order by messages1_.publish_time desc
Hibernate: select message0_.id as id1_0_0_, message0_.author_id as author_i4_0_0_, message0_.body as body2_0_0_, message0_.publish_time as publish_3_0_0_ from message message0_ where message0_.id=?
Hibernate: insert into user (email, username, id) values (?, ?, ?)
Hibernate: insert into message (author_id, body, publish_time, id) values (?, ?, ?, ?)
Hibernate: select message0_.id as id1_0_, message0_.author_id as author_i4_0_, message0_.body as body2_0_, message0_.publish_time as publish_3_0_ from message message0_ where message0_.author_id=?
2019-06-11 10:10:30.849  INFO 15148 --- [    Test worker] o.s.t.c.transaction.TransactionContext   : Rolled back transaction for test context [DefaultTestContext@1fff590b testClass = FindMessageQueryDslPredicateTest, testInstance = com.hub.social.querydsl.FindMessageQueryDslPredicateTest@640070e2, testMethod = authoredBy@FindMessageQueryDslPredicateTest, testException = [null], mergedContextConfiguration = [MergedContextConfiguration@4db57c39 testClass = FindMessageQueryDslPredicateTest, locations = '{}', classes = '{class com.hub.social.domain.JpaTestConfiguration}', contextInitializerClasses = '[]', activeProfiles = '{}', propertySourceLocations = '{}', propertySourceProperties = '{org.springframework.boot.test.context.SpringBootTestContextBootstrapper=true}', contextCustomizers = set[[ImportsContextCustomizer@36d03c27 key = [Package Import com.hub.social.querydsl, org.springframework.boot.autoconfigure.cache.CacheAutoConfiguration, org.springframework.boot.autoconfigure.data.jpa.JpaRepositoriesAutoConfiguration, org.springframework.boot.autoconfigure.flyway.FlywayAutoConfiguration, org.springframework.boot.autoconfigure.jdbc.DataSourceAutoConfiguration, org.springframework.boot.autoconfigure.jdbc.DataSourceTransactionManagerAutoConfiguration, org.springframework.boot.autoconfigure.jdbc.JdbcTemplateAutoConfiguration, org.springframework.boot.autoconfigure.liquibase.LiquibaseAutoConfiguration, org.springframework.boot.autoconfigure.orm.jpa.HibernateJpaAutoConfiguration, org.springframework.boot.autoconfigure.transaction.TransactionAutoConfiguration, org.springframework.boot.test.autoconfigure.jdbc.TestDatabaseAutoConfiguration, org.springframework.boot.test.autoconfigure.orm.jpa.TestEntityManagerAutoConfiguration]], org.springframework.boot.test.context.filter.ExcludeFilterContextCustomizer@66f794a2, org.springframework.boot.test.mock.mockito.MockitoContextCustomizer@0, org.springframework.boot.test.autoconfigure.OverrideAutoConfigurationContextCustomizerFactory$DisableAutoConfigurationContextCustomizer@2d13cec9, org.springframework.boot.test.autoconfigure.filter.TypeExcludeFiltersContextCustomizer@351584c0, org.springframework.boot.test.autoconfigure.properties.PropertyMappingContextCustomizer@98ec8bd, org.springframework.boot.test.autoconfigure.web.servlet.WebDriverContextCustomizerFactory$Customizer@2d302586], contextLoader = 'org.springframework.boot.test.context.SpringBootContextLoader', parent = [null]]].
2019-06-11 10:10:30.853  INFO 15148 --- [    Test worker] o.s.t.c.transaction.TransactionContext   : Began transaction (1) for test context [DefaultTestContext@1fff590b testClass = FindMessageQueryDslPredicateTest, testInstance = com.hub.social.querydsl.FindMessageQueryDslPredicateTest@6c6fb33a, testMethod = contains@FindMessageQueryDslPredicateTest, testException = [null], mergedContextConfiguration = [MergedContextConfiguration@4db57c39 testClass = FindMessageQueryDslPredicateTest, locations = '{}', classes = '{class com.hub.social.domain.JpaTestConfiguration}', contextInitializerClasses = '[]', activeProfiles = '{}', propertySourceLocations = '{}', propertySourceProperties = '{org.springframework.boot.test.context.SpringBootTestContextBootstrapper=true}', contextCustomizers = set[[ImportsContextCustomizer@36d03c27 key = [Package Import com.hub.social.querydsl, org.springframework.boot.autoconfigure.cache.CacheAutoConfiguration, org.springframework.boot.autoconfigure.data.jpa.JpaRepositoriesAutoConfiguration, org.springframework.boot.autoconfigure.flyway.FlywayAutoConfiguration, org.springframework.boot.autoconfigure.jdbc.DataSourceAutoConfiguration, org.springframework.boot.autoconfigure.jdbc.DataSourceTransactionManagerAutoConfiguration, org.springframework.boot.autoconfigure.jdbc.JdbcTemplateAutoConfiguration, org.springframework.boot.autoconfigure.liquibase.LiquibaseAutoConfiguration, org.springframework.boot.autoconfigure.orm.jpa.HibernateJpaAutoConfiguration, org.springframework.boot.autoconfigure.transaction.TransactionAutoConfiguration, org.springframework.boot.test.autoconfigure.jdbc.TestDatabaseAutoConfiguration, org.springframework.boot.test.autoconfigure.orm.jpa.TestEntityManagerAutoConfiguration]], org.springframework.boot.test.context.filter.ExcludeFilterContextCustomizer@66f794a2, org.springframework.boot.test.mock.mockito.MockitoContextCustomizer@0, org.springframework.boot.test.autoconfigure.OverrideAutoConfigurationContextCustomizerFactory$DisableAutoConfigurationContextCustomizer@2d13cec9, org.springframework.boot.test.autoconfigure.filter.TypeExcludeFiltersContextCustomizer@351584c0, org.springframework.boot.test.autoconfigure.properties.PropertyMappingContextCustomizer@98ec8bd, org.springframework.boot.test.autoconfigure.web.servlet.WebDriverContextCustomizerFactory$Customizer@2d302586], contextLoader = 'org.springframework.boot.test.context.SpringBootContextLoader', parent = [null]]]; transaction manager [org.springframework.orm.jpa.JpaTransactionManager@2ff0a66e]; rollback [true]
Hibernate: select user0_.id as id1_2_1_, user0_.email as email2_2_1_, user0_.username as username3_2_1_, messages1_.author_id as author_i4_0_3_, messages1_.id as id1_0_3_, messages1_.id as id1_0_0_, messages1_.author_id as author_i4_0_0_, messages1_.body as body2_0_0_, messages1_.publish_time as publish_3_0_0_ from user user0_ left outer join message messages1_ on user0_.id=messages1_.author_id where user0_.id=? order by messages1_.publish_time desc
Hibernate: select message0_.id as id1_0_0_, message0_.author_id as author_i4_0_0_, message0_.body as body2_0_0_, message0_.publish_time as publish_3_0_0_ from message message0_ where message0_.id=?
Hibernate: insert into user (email, username, id) values (?, ?, ?)
Hibernate: insert into message (author_id, body, publish_time, id) values (?, ?, ?, ?)
Hibernate: select count(message0_.id) as col_0_0_ from message message0_ where lower(message0_.body) like ? escape '!'
Hibernate: select message0_.id as id1_0_, message0_.author_id as author_i4_0_, message0_.body as body2_0_, message0_.publish_time as publish_3_0_ from message message0_ where lower(message0_.body) like ? escape '!'
2019-06-11 10:10:30.873  INFO 15148 --- [    Test worker] o.s.t.c.transaction.TransactionContext   : Rolled back transaction for test context [DefaultTestContext@1fff590b testClass = FindMessageQueryDslPredicateTest, testInstance = com.hub.social.querydsl.FindMessageQueryDslPredicateTest@6c6fb33a, testMethod = contains@FindMessageQueryDslPredicateTest, testException = [null], mergedContextConfiguration = [MergedContextConfiguration@4db57c39 testClass = FindMessageQueryDslPredicateTest, locations = '{}', classes = '{class com.hub.social.domain.JpaTestConfiguration}', contextInitializerClasses = '[]', activeProfiles = '{}', propertySourceLocations = '{}', propertySourceProperties = '{org.springframework.boot.test.context.SpringBootTestContextBootstrapper=true}', contextCustomizers = set[[ImportsContextCustomizer@36d03c27 key = [Package Import com.hub.social.querydsl, org.springframework.boot.autoconfigure.cache.CacheAutoConfiguration, org.springframework.boot.autoconfigure.data.jpa.JpaRepositoriesAutoConfiguration, org.springframework.boot.autoconfigure.flyway.FlywayAutoConfiguration, org.springframework.boot.autoconfigure.jdbc.DataSourceAutoConfiguration, org.springframework.boot.autoconfigure.jdbc.DataSourceTransactionManagerAutoConfiguration, org.springframework.boot.autoconfigure.jdbc.JdbcTemplateAutoConfiguration, org.springframework.boot.autoconfigure.liquibase.LiquibaseAutoConfiguration, org.springframework.boot.autoconfigure.orm.jpa.HibernateJpaAutoConfiguration, org.springframework.boot.autoconfigure.transaction.TransactionAutoConfiguration, org.springframework.boot.test.autoconfigure.jdbc.TestDatabaseAutoConfiguration, org.springframework.boot.test.autoconfigure.orm.jpa.TestEntityManagerAutoConfiguration]], org.springframework.boot.test.context.filter.ExcludeFilterContextCustomizer@66f794a2, org.springframework.boot.test.mock.mockito.MockitoContextCustomizer@0, org.springframework.boot.test.autoconfigure.OverrideAutoConfigurationContextCustomizerFactory$DisableAutoConfigurationContextCustomizer@2d13cec9, org.springframework.boot.test.autoconfigure.filter.TypeExcludeFiltersContextCustomizer@351584c0, org.springframework.boot.test.autoconfigure.properties.PropertyMappingContextCustomizer@98ec8bd, org.springframework.boot.test.autoconfigure.web.servlet.WebDriverContextCustomizerFactory$Customizer@2d302586], contextLoader = 'org.springframework.boot.test.context.SpringBootContextLoader', parent = [null]]].
2019-06-11 10:10:30.876  INFO 15148 --- [    Test worker] o.s.t.c.transaction.TransactionContext   : Began transaction (1) for test context [DefaultTestContext@1fff590b testClass = FindMessageQueryDslPredicateTest, testInstance = com.hub.social.querydsl.FindMessageQueryDslPredicateTest@3407a8ae, testMethod = publishedAfter@FindMessageQueryDslPredicateTest, testException = [null], mergedContextConfiguration = [MergedContextConfiguration@4db57c39 testClass = FindMessageQueryDslPredicateTest, locations = '{}', classes = '{class com.hub.social.domain.JpaTestConfiguration}', contextInitializerClasses = '[]', activeProfiles = '{}', propertySourceLocations = '{}', propertySourceProperties = '{org.springframework.boot.test.context.SpringBootTestContextBootstrapper=true}', contextCustomizers = set[[ImportsContextCustomizer@36d03c27 key = [Package Import com.hub.social.querydsl, org.springframework.boot.autoconfigure.cache.CacheAutoConfiguration, org.springframework.boot.autoconfigure.data.jpa.JpaRepositoriesAutoConfiguration, org.springframework.boot.autoconfigure.flyway.FlywayAutoConfiguration, org.springframework.boot.autoconfigure.jdbc.DataSourceAutoConfiguration, org.springframework.boot.autoconfigure.jdbc.DataSourceTransactionManagerAutoConfiguration, org.springframework.boot.autoconfigure.jdbc.JdbcTemplateAutoConfiguration, org.springframework.boot.autoconfigure.liquibase.LiquibaseAutoConfiguration, org.springframework.boot.autoconfigure.orm.jpa.HibernateJpaAutoConfiguration, org.springframework.boot.autoconfigure.transaction.TransactionAutoConfiguration, org.springframework.boot.test.autoconfigure.jdbc.TestDatabaseAutoConfiguration, org.springframework.boot.test.autoconfigure.orm.jpa.TestEntityManagerAutoConfiguration]], org.springframework.boot.test.context.filter.ExcludeFilterContextCustomizer@66f794a2, org.springframework.boot.test.mock.mockito.MockitoContextCustomizer@0, org.springframework.boot.test.autoconfigure.OverrideAutoConfigurationContextCustomizerFactory$DisableAutoConfigurationContextCustomizer@2d13cec9, org.springframework.boot.test.autoconfigure.filter.TypeExcludeFiltersContextCustomizer@351584c0, org.springframework.boot.test.autoconfigure.properties.PropertyMappingContextCustomizer@98ec8bd, org.springframework.boot.test.autoconfigure.web.servlet.WebDriverContextCustomizerFactory$Customizer@2d302586], contextLoader = 'org.springframework.boot.test.context.SpringBootContextLoader', parent = [null]]]; transaction manager [org.springframework.orm.jpa.JpaTransactionManager@2ff0a66e]; rollback [true]
Hibernate: select user0_.id as id1_2_1_, user0_.email as email2_2_1_, user0_.username as username3_2_1_, messages1_.author_id as author_i4_0_3_, messages1_.id as id1_0_3_, messages1_.id as id1_0_0_, messages1_.author_id as author_i4_0_0_, messages1_.body as body2_0_0_, messages1_.publish_time as publish_3_0_0_ from user user0_ left outer join message messages1_ on user0_.id=messages1_.author_id where user0_.id=? order by messages1_.publish_time desc
Hibernate: select message0_.id as id1_0_0_, message0_.author_id as author_i4_0_0_, message0_.body as body2_0_0_, message0_.publish_time as publish_3_0_0_ from message message0_ where message0_.id=?
Hibernate: insert into user (email, username, id) values (?, ?, ?)
Hibernate: insert into message (author_id, body, publish_time, id) values (?, ?, ?, ?)
Hibernate: select message0_.id as id1_0_, message0_.author_id as author_i4_0_, message0_.body as body2_0_, message0_.publish_time as publish_3_0_ from message message0_ where message0_.author_id=? and message0_.publish_time>?
2019-06-11 10:10:30.888  INFO 15148 --- [    Test worker] o.s.t.c.transaction.TransactionContext   : Rolled back transaction for test context [DefaultTestContext@1fff590b testClass = FindMessageQueryDslPredicateTest, testInstance = com.hub.social.querydsl.FindMessageQueryDslPredicateTest@3407a8ae, testMethod = publishedAfter@FindMessageQueryDslPredicateTest, testException = [null], mergedContextConfiguration = [MergedContextConfiguration@4db57c39 testClass = FindMessageQueryDslPredicateTest, locations = '{}', classes = '{class com.hub.social.domain.JpaTestConfiguration}', contextInitializerClasses = '[]', activeProfiles = '{}', propertySourceLocations = '{}', propertySourceProperties = '{org.springframework.boot.test.context.SpringBootTestContextBootstrapper=true}', contextCustomizers = set[[ImportsContextCustomizer@36d03c27 key = [Package Import com.hub.social.querydsl, org.springframework.boot.autoconfigure.cache.CacheAutoConfiguration, org.springframework.boot.autoconfigure.data.jpa.JpaRepositoriesAutoConfiguration, org.springframework.boot.autoconfigure.flyway.FlywayAutoConfiguration, org.springframework.boot.autoconfigure.jdbc.DataSourceAutoConfiguration, org.springframework.boot.autoconfigure.jdbc.DataSourceTransactionManagerAutoConfiguration, org.springframework.boot.autoconfigure.jdbc.JdbcTemplateAutoConfiguration, org.springframework.boot.autoconfigure.liquibase.LiquibaseAutoConfiguration, org.springframework.boot.autoconfigure.orm.jpa.HibernateJpaAutoConfiguration, org.springframework.boot.autoconfigure.transaction.TransactionAutoConfiguration, org.springframework.boot.test.autoconfigure.jdbc.TestDatabaseAutoConfiguration, org.springframework.boot.test.autoconfigure.orm.jpa.TestEntityManagerAutoConfiguration]], org.springframework.boot.test.context.filter.ExcludeFilterContextCustomizer@66f794a2, org.springframework.boot.test.mock.mockito.MockitoContextCustomizer@0, org.springframework.boot.test.autoconfigure.OverrideAutoConfigurationContextCustomizerFactory$DisableAutoConfigurationContextCustomizer@2d13cec9, org.springframework.boot.test.autoconfigure.filter.TypeExcludeFiltersContextCustomizer@351584c0, org.springframework.boot.test.autoconfigure.properties.PropertyMappingContextCustomizer@98ec8bd, org.springframework.boot.test.autoconfigure.web.servlet.WebDriverContextCustomizerFactory$Customizer@2d302586], contextLoader = 'org.springframework.boot.test.context.SpringBootContextLoader', parent = [null]]].
2019-06-11 10:10:30.892  INFO 15148 --- [    Test worker] o.s.t.c.transaction.TransactionContext   : Began transaction (1) for test context [DefaultTestContext@1fff590b testClass = FindMessageQueryDslPredicateTest, testInstance = com.hub.social.querydsl.FindMessageQueryDslPredicateTest@186fec76, testMethod = shouldNotFindAny@FindMessageQueryDslPredicateTest, testException = [null], mergedContextConfiguration = [MergedContextConfiguration@4db57c39 testClass = FindMessageQueryDslPredicateTest, locations = '{}', classes = '{class com.hub.social.domain.JpaTestConfiguration}', contextInitializerClasses = '[]', activeProfiles = '{}', propertySourceLocations = '{}', propertySourceProperties = '{org.springframework.boot.test.context.SpringBootTestContextBootstrapper=true}', contextCustomizers = set[[ImportsContextCustomizer@36d03c27 key = [Package Import com.hub.social.querydsl, org.springframework.boot.autoconfigure.cache.CacheAutoConfiguration, org.springframework.boot.autoconfigure.data.jpa.JpaRepositoriesAutoConfiguration, org.springframework.boot.autoconfigure.flyway.FlywayAutoConfiguration, org.springframework.boot.autoconfigure.jdbc.DataSourceAutoConfiguration, org.springframework.boot.autoconfigure.jdbc.DataSourceTransactionManagerAutoConfiguration, org.springframework.boot.autoconfigure.jdbc.JdbcTemplateAutoConfiguration, org.springframework.boot.autoconfigure.liquibase.LiquibaseAutoConfiguration, org.springframework.boot.autoconfigure.orm.jpa.HibernateJpaAutoConfiguration, org.springframework.boot.autoconfigure.transaction.TransactionAutoConfiguration, org.springframework.boot.test.autoconfigure.jdbc.TestDatabaseAutoConfiguration, org.springframework.boot.test.autoconfigure.orm.jpa.TestEntityManagerAutoConfiguration]], org.springframework.boot.test.context.filter.ExcludeFilterContextCustomizer@66f794a2, org.springframework.boot.test.mock.mockito.MockitoContextCustomizer@0, org.springframework.boot.test.autoconfigure.OverrideAutoConfigurationContextCustomizerFactory$DisableAutoConfigurationContextCustomizer@2d13cec9, org.springframework.boot.test.autoconfigure.filter.TypeExcludeFiltersContextCustomizer@351584c0, org.springframework.boot.test.autoconfigure.properties.PropertyMappingContextCustomizer@98ec8bd, org.springframework.boot.test.autoconfigure.web.servlet.WebDriverContextCustomizerFactory$Customizer@2d302586], contextLoader = 'org.springframework.boot.test.context.SpringBootContextLoader', parent = [null]]]; transaction manager [org.springframework.orm.jpa.JpaTransactionManager@2ff0a66e]; rollback [true]
Hibernate: select user0_.id as id1_2_1_, user0_.email as email2_2_1_, user0_.username as username3_2_1_, messages1_.author_id as author_i4_0_3_, messages1_.id as id1_0_3_, messages1_.id as id1_0_0_, messages1_.author_id as author_i4_0_0_, messages1_.body as body2_0_0_, messages1_.publish_time as publish_3_0_0_ from user user0_ left outer join message messages1_ on user0_.id=messages1_.author_id where user0_.id=? order by messages1_.publish_time desc
Hibernate: select message0_.id as id1_0_0_, message0_.author_id as author_i4_0_0_, message0_.body as body2_0_0_, message0_.publish_time as publish_3_0_0_ from message message0_ where message0_.id=?
Hibernate: insert into user (email, username, id) values (?, ?, ?)
Hibernate: insert into message (author_id, body, publish_time, id) values (?, ?, ?, ?)
Hibernate: select message0_.id as id1_0_, message0_.author_id as author_i4_0_, message0_.body as body2_0_, message0_.publish_time as publish_3_0_ from message message0_ where message0_.author_id=? and message0_.publish_time<?
2019-06-11 10:10:30.907  INFO 15148 --- [    Test worker] o.s.t.c.transaction.TransactionContext   : Rolled back transaction for test context [DefaultTestContext@1fff590b testClass = FindMessageQueryDslPredicateTest, testInstance = com.hub.social.querydsl.FindMessageQueryDslPredicateTest@186fec76, testMethod = shouldNotFindAny@FindMessageQueryDslPredicateTest, testException = [null], mergedContextConfiguration = [MergedContextConfiguration@4db57c39 testClass = FindMessageQueryDslPredicateTest, locations = '{}', classes = '{class com.hub.social.domain.JpaTestConfiguration}', contextInitializerClasses = '[]', activeProfiles = '{}', propertySourceLocations = '{}', propertySourceProperties = '{org.springframework.boot.test.context.SpringBootTestContextBootstrapper=true}', contextCustomizers = set[[ImportsContextCustomizer@36d03c27 key = [Package Import com.hub.social.querydsl, org.springframework.boot.autoconfigure.cache.CacheAutoConfiguration, org.springframework.boot.autoconfigure.data.jpa.JpaRepositoriesAutoConfiguration, org.springframework.boot.autoconfigure.flyway.FlywayAutoConfiguration, org.springframework.boot.autoconfigure.jdbc.DataSourceAutoConfiguration, org.springframework.boot.autoconfigure.jdbc.DataSourceTransactionManagerAutoConfiguration, org.springframework.boot.autoconfigure.jdbc.JdbcTemplateAutoConfiguration, org.springframework.boot.autoconfigure.liquibase.LiquibaseAutoConfiguration, org.springframework.boot.autoconfigure.orm.jpa.HibernateJpaAutoConfiguration, org.springframework.boot.autoconfigure.transaction.TransactionAutoConfiguration, org.springframework.boot.test.autoconfigure.jdbc.TestDatabaseAutoConfiguration, org.springframework.boot.test.autoconfigure.orm.jpa.TestEntityManagerAutoConfiguration]], org.springframework.boot.test.context.filter.ExcludeFilterContextCustomizer@66f794a2, org.springframework.boot.test.mock.mockito.MockitoContextCustomizer@0, org.springframework.boot.test.autoconfigure.OverrideAutoConfigurationContextCustomizerFactory$DisableAutoConfigurationContextCustomizer@2d13cec9, org.springframework.boot.test.autoconfigure.filter.TypeExcludeFiltersContextCustomizer@351584c0, org.springframework.boot.test.autoconfigure.properties.PropertyMappingContextCustomizer@98ec8bd, org.springframework.boot.test.autoconfigure.web.servlet.WebDriverContextCustomizerFactory$Customizer@2d302586], contextLoader = 'org.springframework.boot.test.context.SpringBootContextLoader', parent = [null]]].
2019-06-11 10:10:30.909  INFO 15148 --- [    Test worker] o.s.t.c.transaction.TransactionContext   : Began transaction (1) for test context [DefaultTestContext@1fff590b testClass = FindMessageQueryDslPredicateTest, testInstance = com.hub.social.querydsl.FindMessageQueryDslPredicateTest@68dc14e3, testMethod = publishedBefore@FindMessageQueryDslPredicateTest, testException = [null], mergedContextConfiguration = [MergedContextConfiguration@4db57c39 testClass = FindMessageQueryDslPredicateTest, locations = '{}', classes = '{class com.hub.social.domain.JpaTestConfiguration}', contextInitializerClasses = '[]', activeProfiles = '{}', propertySourceLocations = '{}', propertySourceProperties = '{org.springframework.boot.test.context.SpringBootTestContextBootstrapper=true}', contextCustomizers = set[[ImportsContextCustomizer@36d03c27 key = [Package Import com.hub.social.querydsl, org.springframework.boot.autoconfigure.cache.CacheAutoConfiguration, org.springframework.boot.autoconfigure.data.jpa.JpaRepositoriesAutoConfiguration, org.springframework.boot.autoconfigure.flyway.FlywayAutoConfiguration, org.springframework.boot.autoconfigure.jdbc.DataSourceAutoConfiguration, org.springframework.boot.autoconfigure.jdbc.DataSourceTransactionManagerAutoConfiguration, org.springframework.boot.autoconfigure.jdbc.JdbcTemplateAutoConfiguration, org.springframework.boot.autoconfigure.liquibase.LiquibaseAutoConfiguration, org.springframework.boot.autoconfigure.orm.jpa.HibernateJpaAutoConfiguration, org.springframework.boot.autoconfigure.transaction.TransactionAutoConfiguration, org.springframework.boot.test.autoconfigure.jdbc.TestDatabaseAutoConfiguration, org.springframework.boot.test.autoconfigure.orm.jpa.TestEntityManagerAutoConfiguration]], org.springframework.boot.test.context.filter.ExcludeFilterContextCustomizer@66f794a2, org.springframework.boot.test.mock.mockito.MockitoContextCustomizer@0, org.springframework.boot.test.autoconfigure.OverrideAutoConfigurationContextCustomizerFactory$DisableAutoConfigurationContextCustomizer@2d13cec9, org.springframework.boot.test.autoconfigure.filter.TypeExcludeFiltersContextCustomizer@351584c0, org.springframework.boot.test.autoconfigure.properties.PropertyMappingContextCustomizer@98ec8bd, org.springframework.boot.test.autoconfigure.web.servlet.WebDriverContextCustomizerFactory$Customizer@2d302586], contextLoader = 'org.springframework.boot.test.context.SpringBootContextLoader', parent = [null]]]; transaction manager [org.springframework.orm.jpa.JpaTransactionManager@2ff0a66e]; rollback [true]
Hibernate: select user0_.id as id1_2_1_, user0_.email as email2_2_1_, user0_.username as username3_2_1_, messages1_.author_id as author_i4_0_3_, messages1_.id as id1_0_3_, messages1_.id as id1_0_0_, messages1_.author_id as author_i4_0_0_, messages1_.body as body2_0_0_, messages1_.publish_time as publish_3_0_0_ from user user0_ left outer join message messages1_ on user0_.id=messages1_.author_id where user0_.id=? order by messages1_.publish_time desc
Hibernate: select message0_.id as id1_0_0_, message0_.author_id as author_i4_0_0_, message0_.body as body2_0_0_, message0_.publish_time as publish_3_0_0_ from message message0_ where message0_.id=?
Hibernate: insert into user (email, username, id) values (?, ?, ?)
Hibernate: insert into message (author_id, body, publish_time, id) values (?, ?, ?, ?)
Hibernate: select message0_.id as id1_0_, message0_.author_id as author_i4_0_, message0_.body as body2_0_, message0_.publish_time as publish_3_0_ from message message0_ where message0_.author_id=? and message0_.publish_time<?
2019-06-11 10:10:30.918  INFO 15148 --- [    Test worker] o.s.t.c.transaction.TransactionContext   : Rolled back transaction for test context [DefaultTestContext@1fff590b testClass = FindMessageQueryDslPredicateTest, testInstance = com.hub.social.querydsl.FindMessageQueryDslPredicateTest@68dc14e3, testMethod = publishedBefore@FindMessageQueryDslPredicateTest, testException = [null], mergedContextConfiguration = [MergedContextConfiguration@4db57c39 testClass = FindMessageQueryDslPredicateTest, locations = '{}', classes = '{class com.hub.social.domain.JpaTestConfiguration}', contextInitializerClasses = '[]', activeProfiles = '{}', propertySourceLocations = '{}', propertySourceProperties = '{org.springframework.boot.test.context.SpringBootTestContextBootstrapper=true}', contextCustomizers = set[[ImportsContextCustomizer@36d03c27 key = [Package Import com.hub.social.querydsl, org.springframework.boot.autoconfigure.cache.CacheAutoConfiguration, org.springframework.boot.autoconfigure.data.jpa.JpaRepositoriesAutoConfiguration, org.springframework.boot.autoconfigure.flyway.FlywayAutoConfiguration, org.springframework.boot.autoconfigure.jdbc.DataSourceAutoConfiguration, org.springframework.boot.autoconfigure.jdbc.DataSourceTransactionManagerAutoConfiguration, org.springframework.boot.autoconfigure.jdbc.JdbcTemplateAutoConfiguration, org.springframework.boot.autoconfigure.liquibase.LiquibaseAutoConfiguration, org.springframework.boot.autoconfigure.orm.jpa.HibernateJpaAutoConfiguration, org.springframework.boot.autoconfigure.transaction.TransactionAutoConfiguration, org.springframework.boot.test.autoconfigure.jdbc.TestDatabaseAutoConfiguration, org.springframework.boot.test.autoconfigure.orm.jpa.TestEntityManagerAutoConfiguration]], org.springframework.boot.test.context.filter.ExcludeFilterContextCustomizer@66f794a2, org.springframework.boot.test.mock.mockito.MockitoContextCustomizer@0, org.springframework.boot.test.autoconfigure.OverrideAutoConfigurationContextCustomizerFactory$DisableAutoConfigurationContextCustomizer@2d13cec9, org.springframework.boot.test.autoconfigure.filter.TypeExcludeFiltersContextCustomizer@351584c0, org.springframework.boot.test.autoconfigure.properties.PropertyMappingContextCustomizer@98ec8bd, org.springframework.boot.test.autoconfigure.web.servlet.WebDriverContextCustomizerFactory$Customizer@2d302586], contextLoader = 'org.springframework.boot.test.context.SpringBootContextLoader', parent = [null]]].
]]></system-out>
  <system-err><![CDATA[]]></system-err>
</testsuite>
