<?xml version="1.0" encoding="UTF-8"?>
<testsuite name="com.hub.social.jpa.FindMessageJpaSpecificationTest" tests="6" skipped="0" failures="0" errors="0" timestamp="2019-06-11T15:10:29" hostname="CO-IT005102" time="0.143">
  <properties/>
  <testcase name="authorName" classname="com.hub.social.jpa.FindMessageJpaSpecificationTest" time="0.05"/>
  <testcase name="authoredBy" classname="com.hub.social.jpa.FindMessageJpaSpecificationTest" time="0.017"/>
  <testcase name="contains" classname="com.hub.social.jpa.FindMessageJpaSpecificationTest" time="0.027"/>
  <testcase name="publishedAfter" classname="com.hub.social.jpa.FindMessageJpaSpecificationTest" time="0.017"/>
  <testcase name="shouldNotFindAny" classname="com.hub.social.jpa.FindMessageJpaSpecificationTest" time="0.013"/>
  <testcase name="publishedBefore" classname="com.hub.social.jpa.FindMessageJpaSpecificationTest" time="0.012"/>
  <system-out><![CDATA[2019-06-11 10:10:28.027  INFO 15148 --- [    Test worker] o.s.t.c.support.AbstractContextLoader    : Could not detect default resource locations for test class [com.hub.social.jpa.FindMessageJpaSpecificationTest]: no resource found for suffixes {-context.xml, Context.groovy}.
2019-06-11 10:10:28.058  INFO 15148 --- [    Test worker] .b.t.c.SpringBootTestContextBootstrapper : Loaded default TestExecutionListener class names from location [META-INF/spring.factories]: [org.springframework.boot.test.mock.mockito.MockitoTestExecutionListener, org.springframework.boot.test.mock.mockito.ResetMocksTestExecutionListener, org.springframework.boot.test.autoconfigure.restdocs.RestDocsTestExecutionListener, org.springframework.boot.test.autoconfigure.web.client.MockRestServiceServerResetTestExecutionListener, org.springframework.boot.test.autoconfigure.web.servlet.MockMvcPrintOnlyOnFailureTestExecutionListener, org.springframework.boot.test.autoconfigure.web.servlet.WebDriverTestExecutionListener, org.springframework.test.context.web.ServletTestExecutionListener, org.springframework.test.context.support.DirtiesContextBeforeModesTestExecutionListener, org.springframework.test.context.support.DependencyInjectionTestExecutionListener, org.springframework.test.context.support.DirtiesContextTestExecutionListener, org.springframework.test.context.transaction.TransactionalTestExecutionListener, org.springframework.test.context.jdbc.SqlScriptsTestExecutionListener]
2019-06-11 10:10:28.061  INFO 15148 --- [    Test worker] .b.t.c.SpringBootTestContextBootstrapper : Using TestExecutionListeners: [org.springframework.test.context.web.ServletTestExecutionListener@1ae57402, org.springframework.test.context.support.DirtiesContextBeforeModesTestExecutionListener@74f5ff10, org.springframework.boot.test.autoconfigure.SpringBootDependencyInjectionTestExecutionListener@523cba9c, org.springframework.test.context.support.DirtiesContextTestExecutionListener@3429c647, org.springframework.test.context.transaction.TransactionalTestExecutionListener@55de1a4, org.springframework.test.context.jdbc.SqlScriptsTestExecutionListener@5e8b9360, org.springframework.boot.test.mock.mockito.ResetMocksTestExecutionListener@69d43a77, org.springframework.boot.test.autoconfigure.web.client.MockRestServiceServerResetTestExecutionListener@13b5d2f4, org.springframework.boot.test.autoconfigure.web.servlet.WebDriverTestExecutionListener@790f41e7, org.springframework.boot.test.autoconfigure.restdocs.RestDocsTestExecutionListener@7b9ddd35, org.springframework.boot.test.autoconfigure.web.servlet.MockMvcPrintOnlyOnFailureTestExecutionListener@335257b3, org.springframework.boot.test.mock.mockito.MockitoTestExecutionListener@ecd115f]

  .   ____          _            __ _ _
 /\\ / ___'_ __ _ _(_)_ __  __ _ \ \ \ \
( ( )\___ | '_ | '_| | '_ \/ _` | \ \ \ \
 \\/  ___)| |_)| | | | | || (_| |  ) ) ) )
  '  |____| .__|_| |_|_| |_\__, | / / / /
 =========|_|==============|___/=/_/_/_/
 :: Spring Boot ::        (v1.5.1.RELEASE)

2019-06-11 10:10:28.164  INFO 15148 --- [    Test worker] c.h.s.j.FindMessageJpaSpecificationTest  : Starting FindMessageJpaSpecificationTest on CO-IT005102 with PID 15148 (started by julian.tobon in C:\Users\julian.tobon\Desktop\rest-master)
2019-06-11 10:10:28.164  INFO 15148 --- [    Test worker] c.h.s.j.FindMessageJpaSpecificationTest  : No active profile set, falling back to default profiles: default
2019-06-11 10:10:28.167  INFO 15148 --- [    Test worker] s.c.a.AnnotationConfigApplicationContext : Refreshing org.springframework.context.annotation.AnnotationConfigApplicationContext@2e51ce39: startup date [Tue Jun 11 10:10:28 COT 2019]; root of context hierarchy
2019-06-11 10:10:28.427  INFO 15148 --- [    Test worker] beddedDataSourceBeanFactoryPostProcessor : Replacing 'dataSource' DataSource bean with embedded version
2019-06-11 10:10:28.427  INFO 15148 --- [    Test worker] o.s.b.f.s.DefaultListableBeanFactory     : Overriding bean definition for bean 'dataSource' with a different definition: replacing [Root bean: class [null]; scope=; abstract=false; lazyInit=false; autowireMode=3; dependencyCheck=0; autowireCandidate=true; primary=false; factoryBeanName=org.springframework.boot.autoconfigure.jdbc.DataSourceConfiguration$Tomcat; factoryMethodName=dataSource; initMethodName=null; destroyMethodName=(inferred); defined in class path resource [org/springframework/boot/autoconfigure/jdbc/DataSourceConfiguration$Tomcat.class]] with [Root bean: class [org.springframework.boot.test.autoconfigure.jdbc.TestDatabaseAutoConfiguration$EmbeddedDataSourceFactoryBean]; scope=; abstract=false; lazyInit=false; autowireMode=0; dependencyCheck=0; autowireCandidate=true; primary=false; factoryBeanName=null; factoryMethodName=null; initMethodName=null; destroyMethodName=null]
2019-06-11 10:10:28.428  WARN 15148 --- [    Test worker] o.s.c.a.ConfigurationClassPostProcessor  : Cannot enhance @Configuration bean definition 'embeddedDataSourceBeanFactoryPostProcessor' since its singleton instance has been created too early. The typical cause is a non-static @Bean method with a BeanDefinitionRegistryPostProcessor return type: Consider declaring such methods as 'static'.
2019-06-11 10:10:28.451  INFO 15148 --- [    Test worker] f.a.AutowiredAnnotationBeanPostProcessor : JSR-330 'javax.inject.Inject' annotation found and supported for autowiring
2019-06-11 10:10:28.544  INFO 15148 --- [    Test worker] o.s.j.d.e.EmbeddedDatabaseFactory        : Starting embedded database: url='jdbc:h2:mem:02b44537-1fc5-4bf3-a53f-3b6e5a37f251;DB_CLOSE_DELAY=-1;DB_CLOSE_ON_EXIT=false', username='sa'
2019-06-11 10:10:28.900  INFO 15148 --- [    Test worker] liquibase                                : Successfully acquired change log lock
2019-06-11 10:10:28.907  INFO 15148 --- [    Test worker] liquibase                                : Creating database history table with name: PUBLIC.DATABASECHANGELOG
2019-06-11 10:10:28.909  INFO 15148 --- [    Test worker] liquibase                                : Reading from PUBLIC.DATABASECHANGELOG
2019-06-11 10:10:28.929  INFO 15148 --- [    Test worker] liquibase                                : classpath:/db/changelog/db.changelog-master.yaml: classpath:/db/changelog/db.changelog-master.yaml::1::andres.postiglioni: SQL in file db/changelog/migrations/v001.up.sql executed
2019-06-11 10:10:28.929  INFO 15148 --- [    Test worker] liquibase                                : classpath:/db/changelog/db.changelog-master.yaml: classpath:/db/changelog/db.changelog-master.yaml::1::andres.postiglioni: ChangeSet classpath:/db/changelog/db.changelog-master.yaml::1::andres.postiglioni ran successfully in 17ms
2019-06-11 10:10:28.933  INFO 15148 --- [    Test worker] liquibase                                : Successfully released change log lock
2019-06-11 10:10:29.002  INFO 15148 --- [    Test worker] j.LocalContainerEntityManagerFactoryBean : Building JPA container EntityManagerFactory for persistence unit 'default'
2019-06-11 10:10:29.003  INFO 15148 --- [    Test worker] o.hibernate.jpa.internal.util.LogHelper  : HHH000204: Processing PersistenceUnitInfo [
	name: default
	...]
2019-06-11 10:10:29.026  INFO 15148 --- [    Test worker] org.hibernate.dialect.Dialect            : HHH000400: Using dialect: org.hibernate.dialect.H2Dialect
2019-06-11 10:10:29.063  WARN 15148 --- [    Test worker] o.h.j.i.EntityManagerFactoryRegistry     : HHH000436: Entity manager factory name (default) is already registered.  If entity manager will be clustered or passivated, specify a unique value for property 'hibernate.ejb.entitymanager_factory_name'
2019-06-11 10:10:29.064  INFO 15148 --- [    Test worker] j.LocalContainerEntityManagerFactoryBean : Initialized JPA EntityManagerFactory for persistence unit 'default'
2019-06-11 10:10:29.261  INFO 15148 --- [    Test worker] c.h.s.j.FindMessageJpaSpecificationTest  : Started FindMessageJpaSpecificationTest in 1.194 seconds (JVM running for 7.757)
2019-06-11 10:10:29.275  INFO 15148 --- [    Test worker] o.s.t.c.transaction.TransactionContext   : Began transaction (1) for test context [DefaultTestContext@7d8ab4f1 testClass = FindMessageJpaSpecificationTest, testInstance = com.hub.social.jpa.FindMessageJpaSpecificationTest@463cfea3, testMethod = authorName@FindMessageJpaSpecificationTest, testException = [null], mergedContextConfiguration = [MergedContextConfiguration@23b3e6a7 testClass = FindMessageJpaSpecificationTest, locations = '{}', classes = '{class com.hub.social.domain.JpaTestConfiguration}', contextInitializerClasses = '[]', activeProfiles = '{}', propertySourceLocations = '{}', propertySourceProperties = '{org.springframework.boot.test.context.SpringBootTestContextBootstrapper=true}', contextCustomizers = set[[ImportsContextCustomizer@284c0b21 key = [Package Import com.hub.social.jpa, org.springframework.boot.autoconfigure.cache.CacheAutoConfiguration, org.springframework.boot.autoconfigure.data.jpa.JpaRepositoriesAutoConfiguration, org.springframework.boot.autoconfigure.flyway.FlywayAutoConfiguration, org.springframework.boot.autoconfigure.jdbc.DataSourceAutoConfiguration, org.springframework.boot.autoconfigure.jdbc.DataSourceTransactionManagerAutoConfiguration, org.springframework.boot.autoconfigure.jdbc.JdbcTemplateAutoConfiguration, org.springframework.boot.autoconfigure.liquibase.LiquibaseAutoConfiguration, org.springframework.boot.autoconfigure.orm.jpa.HibernateJpaAutoConfiguration, org.springframework.boot.autoconfigure.transaction.TransactionAutoConfiguration, org.springframework.boot.test.autoconfigure.jdbc.TestDatabaseAutoConfiguration, org.springframework.boot.test.autoconfigure.orm.jpa.TestEntityManagerAutoConfiguration]], org.springframework.boot.test.context.filter.ExcludeFilterContextCustomizer@66f794a2, org.springframework.boot.test.mock.mockito.MockitoContextCustomizer@0, org.springframework.boot.test.autoconfigure.OverrideAutoConfigurationContextCustomizerFactory$DisableAutoConfigurationContextCustomizer@2d13cec9, org.springframework.boot.test.autoconfigure.filter.TypeExcludeFiltersContextCustomizer@351584c0, org.springframework.boot.test.autoconfigure.properties.PropertyMappingContextCustomizer@98ec8bd, org.springframework.boot.test.autoconfigure.web.servlet.WebDriverContextCustomizerFactory$Customizer@2d302586], contextLoader = 'org.springframework.boot.test.context.SpringBootContextLoader', parent = [null]]]; transaction manager [org.springframework.orm.jpa.JpaTransactionManager@140f40ae]; rollback [true]
Hibernate: select user0_.id as id1_2_1_, user0_.email as email2_2_1_, user0_.username as username3_2_1_, messages1_.author_id as author_i4_0_3_, messages1_.id as id1_0_3_, messages1_.id as id1_0_0_, messages1_.author_id as author_i4_0_0_, messages1_.body as body2_0_0_, messages1_.publish_time as publish_3_0_0_ from user user0_ left outer join message messages1_ on user0_.id=messages1_.author_id where user0_.id=? order by messages1_.publish_time desc
Hibernate: select message0_.id as id1_0_0_, message0_.author_id as author_i4_0_0_, message0_.body as body2_0_0_, message0_.publish_time as publish_3_0_0_ from message message0_ where message0_.id=?
2019-06-11 10:10:29.310  INFO 15148 --- [    Test worker] o.h.h.i.QueryTranslatorFactoryInitiator  : HHH000397: Using ASTQueryTranslatorFactory
Hibernate: insert into user (email, username, id) values (?, ?, ?)
Hibernate: insert into message (author_id, body, publish_time, id) values (?, ?, ?, ?)
Hibernate: select message0_.id as id1_0_, message0_.author_id as author_i4_0_, message0_.body as body2_0_, message0_.publish_time as publish_3_0_ from message message0_ cross join user user1_ where message0_.author_id=user1_.id and 1=1 and user1_.username=?
2019-06-11 10:10:29.323  INFO 15148 --- [    Test worker] o.s.t.c.transaction.TransactionContext   : Rolled back transaction for test context [DefaultTestContext@7d8ab4f1 testClass = FindMessageJpaSpecificationTest, testInstance = com.hub.social.jpa.FindMessageJpaSpecificationTest@463cfea3, testMethod = authorName@FindMessageJpaSpecificationTest, testException = [null], mergedContextConfiguration = [MergedContextConfiguration@23b3e6a7 testClass = FindMessageJpaSpecificationTest, locations = '{}', classes = '{class com.hub.social.domain.JpaTestConfiguration}', contextInitializerClasses = '[]', activeProfiles = '{}', propertySourceLocations = '{}', propertySourceProperties = '{org.springframework.boot.test.context.SpringBootTestContextBootstrapper=true}', contextCustomizers = set[[ImportsContextCustomizer@284c0b21 key = [Package Import com.hub.social.jpa, org.springframework.boot.autoconfigure.cache.CacheAutoConfiguration, org.springframework.boot.autoconfigure.data.jpa.JpaRepositoriesAutoConfiguration, org.springframework.boot.autoconfigure.flyway.FlywayAutoConfiguration, org.springframework.boot.autoconfigure.jdbc.DataSourceAutoConfiguration, org.springframework.boot.autoconfigure.jdbc.DataSourceTransactionManagerAutoConfiguration, org.springframework.boot.autoconfigure.jdbc.JdbcTemplateAutoConfiguration, org.springframework.boot.autoconfigure.liquibase.LiquibaseAutoConfiguration, org.springframework.boot.autoconfigure.orm.jpa.HibernateJpaAutoConfiguration, org.springframework.boot.autoconfigure.transaction.TransactionAutoConfiguration, org.springframework.boot.test.autoconfigure.jdbc.TestDatabaseAutoConfiguration, org.springframework.boot.test.autoconfigure.orm.jpa.TestEntityManagerAutoConfiguration]], org.springframework.boot.test.context.filter.ExcludeFilterContextCustomizer@66f794a2, org.springframework.boot.test.mock.mockito.MockitoContextCustomizer@0, org.springframework.boot.test.autoconfigure.OverrideAutoConfigurationContextCustomizerFactory$DisableAutoConfigurationContextCustomizer@2d13cec9, org.springframework.boot.test.autoconfigure.filter.TypeExcludeFiltersContextCustomizer@351584c0, org.springframework.boot.test.autoconfigure.properties.PropertyMappingContextCustomizer@98ec8bd, org.springframework.boot.test.autoconfigure.web.servlet.WebDriverContextCustomizerFactory$Customizer@2d302586], contextLoader = 'org.springframework.boot.test.context.SpringBootContextLoader', parent = [null]]].
2019-06-11 10:10:29.326  INFO 15148 --- [    Test worker] o.s.t.c.transaction.TransactionContext   : Began transaction (1) for test context [DefaultTestContext@7d8ab4f1 testClass = FindMessageJpaSpecificationTest, testInstance = com.hub.social.jpa.FindMessageJpaSpecificationTest@682c8821, testMethod = authoredBy@FindMessageJpaSpecificationTest, testException = [null], mergedContextConfiguration = [MergedContextConfiguration@23b3e6a7 testClass = FindMessageJpaSpecificationTest, locations = '{}', classes = '{class com.hub.social.domain.JpaTestConfiguration}', contextInitializerClasses = '[]', activeProfiles = '{}', propertySourceLocations = '{}', propertySourceProperties = '{org.springframework.boot.test.context.SpringBootTestContextBootstrapper=true}', contextCustomizers = set[[ImportsContextCustomizer@284c0b21 key = [Package Import com.hub.social.jpa, org.springframework.boot.autoconfigure.cache.CacheAutoConfiguration, org.springframework.boot.autoconfigure.data.jpa.JpaRepositoriesAutoConfiguration, org.springframework.boot.autoconfigure.flyway.FlywayAutoConfiguration, org.springframework.boot.autoconfigure.jdbc.DataSourceAutoConfiguration, org.springframework.boot.autoconfigure.jdbc.DataSourceTransactionManagerAutoConfiguration, org.springframework.boot.autoconfigure.jdbc.JdbcTemplateAutoConfiguration, org.springframework.boot.autoconfigure.liquibase.LiquibaseAutoConfiguration, org.springframework.boot.autoconfigure.orm.jpa.HibernateJpaAutoConfiguration, org.springframework.boot.autoconfigure.transaction.TransactionAutoConfiguration, org.springframework.boot.test.autoconfigure.jdbc.TestDatabaseAutoConfiguration, org.springframework.boot.test.autoconfigure.orm.jpa.TestEntityManagerAutoConfiguration]], org.springframework.boot.test.context.filter.ExcludeFilterContextCustomizer@66f794a2, org.springframework.boot.test.mock.mockito.MockitoContextCustomizer@0, org.springframework.boot.test.autoconfigure.OverrideAutoConfigurationContextCustomizerFactory$DisableAutoConfigurationContextCustomizer@2d13cec9, org.springframework.boot.test.autoconfigure.filter.TypeExcludeFiltersContextCustomizer@351584c0, org.springframework.boot.test.autoconfigure.properties.PropertyMappingContextCustomizer@98ec8bd, org.springframework.boot.test.autoconfigure.web.servlet.WebDriverContextCustomizerFactory$Customizer@2d302586], contextLoader = 'org.springframework.boot.test.context.SpringBootContextLoader', parent = [null]]]; transaction manager [org.springframework.orm.jpa.JpaTransactionManager@140f40ae]; rollback [true]
Hibernate: select user0_.id as id1_2_1_, user0_.email as email2_2_1_, user0_.username as username3_2_1_, messages1_.author_id as author_i4_0_3_, messages1_.id as id1_0_3_, messages1_.id as id1_0_0_, messages1_.author_id as author_i4_0_0_, messages1_.body as body2_0_0_, messages1_.publish_time as publish_3_0_0_ from user user0_ left outer join message messages1_ on user0_.id=messages1_.author_id where user0_.id=? order by messages1_.publish_time desc
Hibernate: select message0_.id as id1_0_0_, message0_.author_id as author_i4_0_0_, message0_.body as body2_0_0_, message0_.publish_time as publish_3_0_0_ from message message0_ where message0_.id=?
Hibernate: insert into user (email, username, id) values (?, ?, ?)
Hibernate: insert into message (author_id, body, publish_time, id) values (?, ?, ?, ?)
Hibernate: select message0_.id as id1_0_, message0_.author_id as author_i4_0_, message0_.body as body2_0_, message0_.publish_time as publish_3_0_ from message message0_ where 1=1 and message0_.author_id=?
2019-06-11 10:10:29.341  INFO 15148 --- [    Test worker] o.s.t.c.transaction.TransactionContext   : Rolled back transaction for test context [DefaultTestContext@7d8ab4f1 testClass = FindMessageJpaSpecificationTest, testInstance = com.hub.social.jpa.FindMessageJpaSpecificationTest@682c8821, testMethod = authoredBy@FindMessageJpaSpecificationTest, testException = [null], mergedContextConfiguration = [MergedContextConfiguration@23b3e6a7 testClass = FindMessageJpaSpecificationTest, locations = '{}', classes = '{class com.hub.social.domain.JpaTestConfiguration}', contextInitializerClasses = '[]', activeProfiles = '{}', propertySourceLocations = '{}', propertySourceProperties = '{org.springframework.boot.test.context.SpringBootTestContextBootstrapper=true}', contextCustomizers = set[[ImportsContextCustomizer@284c0b21 key = [Package Import com.hub.social.jpa, org.springframework.boot.autoconfigure.cache.CacheAutoConfiguration, org.springframework.boot.autoconfigure.data.jpa.JpaRepositoriesAutoConfiguration, org.springframework.boot.autoconfigure.flyway.FlywayAutoConfiguration, org.springframework.boot.autoconfigure.jdbc.DataSourceAutoConfiguration, org.springframework.boot.autoconfigure.jdbc.DataSourceTransactionManagerAutoConfiguration, org.springframework.boot.autoconfigure.jdbc.JdbcTemplateAutoConfiguration, org.springframework.boot.autoconfigure.liquibase.LiquibaseAutoConfiguration, org.springframework.boot.autoconfigure.orm.jpa.HibernateJpaAutoConfiguration, org.springframework.boot.autoconfigure.transaction.TransactionAutoConfiguration, org.springframework.boot.test.autoconfigure.jdbc.TestDatabaseAutoConfiguration, org.springframework.boot.test.autoconfigure.orm.jpa.TestEntityManagerAutoConfiguration]], org.springframework.boot.test.context.filter.ExcludeFilterContextCustomizer@66f794a2, org.springframework.boot.test.mock.mockito.MockitoContextCustomizer@0, org.springframework.boot.test.autoconfigure.OverrideAutoConfigurationContextCustomizerFactory$DisableAutoConfigurationContextCustomizer@2d13cec9, org.springframework.boot.test.autoconfigure.filter.TypeExcludeFiltersContextCustomizer@351584c0, org.springframework.boot.test.autoconfigure.properties.PropertyMappingContextCustomizer@98ec8bd, org.springframework.boot.test.autoconfigure.web.servlet.WebDriverContextCustomizerFactory$Customizer@2d302586], contextLoader = 'org.springframework.boot.test.context.SpringBootContextLoader', parent = [null]]].
2019-06-11 10:10:29.344  INFO 15148 --- [    Test worker] o.s.t.c.transaction.TransactionContext   : Began transaction (1) for test context [DefaultTestContext@7d8ab4f1 testClass = FindMessageJpaSpecificationTest, testInstance = com.hub.social.jpa.FindMessageJpaSpecificationTest@147e8148, testMethod = contains@FindMessageJpaSpecificationTest, testException = [null], mergedContextConfiguration = [MergedContextConfiguration@23b3e6a7 testClass = FindMessageJpaSpecificationTest, locations = '{}', classes = '{class com.hub.social.domain.JpaTestConfiguration}', contextInitializerClasses = '[]', activeProfiles = '{}', propertySourceLocations = '{}', propertySourceProperties = '{org.springframework.boot.test.context.SpringBootTestContextBootstrapper=true}', contextCustomizers = set[[ImportsContextCustomizer@284c0b21 key = [Package Import com.hub.social.jpa, org.springframework.boot.autoconfigure.cache.CacheAutoConfiguration, org.springframework.boot.autoconfigure.data.jpa.JpaRepositoriesAutoConfiguration, org.springframework.boot.autoconfigure.flyway.FlywayAutoConfiguration, org.springframework.boot.autoconfigure.jdbc.DataSourceAutoConfiguration, org.springframework.boot.autoconfigure.jdbc.DataSourceTransactionManagerAutoConfiguration, org.springframework.boot.autoconfigure.jdbc.JdbcTemplateAutoConfiguration, org.springframework.boot.autoconfigure.liquibase.LiquibaseAutoConfiguration, org.springframework.boot.autoconfigure.orm.jpa.HibernateJpaAutoConfiguration, org.springframework.boot.autoconfigure.transaction.TransactionAutoConfiguration, org.springframework.boot.test.autoconfigure.jdbc.TestDatabaseAutoConfiguration, org.springframework.boot.test.autoconfigure.orm.jpa.TestEntityManagerAutoConfiguration]], org.springframework.boot.test.context.filter.ExcludeFilterContextCustomizer@66f794a2, org.springframework.boot.test.mock.mockito.MockitoContextCustomizer@0, org.springframework.boot.test.autoconfigure.OverrideAutoConfigurationContextCustomizerFactory$DisableAutoConfigurationContextCustomizer@2d13cec9, org.springframework.boot.test.autoconfigure.filter.TypeExcludeFiltersContextCustomizer@351584c0, org.springframework.boot.test.autoconfigure.properties.PropertyMappingContextCustomizer@98ec8bd, org.springframework.boot.test.autoconfigure.web.servlet.WebDriverContextCustomizerFactory$Customizer@2d302586], contextLoader = 'org.springframework.boot.test.context.SpringBootContextLoader', parent = [null]]]; transaction manager [org.springframework.orm.jpa.JpaTransactionManager@140f40ae]; rollback [true]
Hibernate: select user0_.id as id1_2_1_, user0_.email as email2_2_1_, user0_.username as username3_2_1_, messages1_.author_id as author_i4_0_3_, messages1_.id as id1_0_3_, messages1_.id as id1_0_0_, messages1_.author_id as author_i4_0_0_, messages1_.body as body2_0_0_, messages1_.publish_time as publish_3_0_0_ from user user0_ left outer join message messages1_ on user0_.id=messages1_.author_id where user0_.id=? order by messages1_.publish_time desc
Hibernate: select message0_.id as id1_0_0_, message0_.author_id as author_i4_0_0_, message0_.body as body2_0_0_, message0_.publish_time as publish_3_0_0_ from message message0_ where message0_.id=?
Hibernate: insert into user (email, username, id) values (?, ?, ?)
Hibernate: insert into message (author_id, body, publish_time, id) values (?, ?, ?, ?)
Hibernate: select count(message0_.id) as col_0_0_ from message message0_ where 1=1 and (lower(message0_.body) like ?)
Hibernate: select message0_.id as id1_0_, message0_.author_id as author_i4_0_, message0_.body as body2_0_, message0_.publish_time as publish_3_0_ from message message0_ where 1=1 and (lower(message0_.body) like ?)
2019-06-11 10:10:29.368  INFO 15148 --- [    Test worker] o.s.t.c.transaction.TransactionContext   : Rolled back transaction for test context [DefaultTestContext@7d8ab4f1 testClass = FindMessageJpaSpecificationTest, testInstance = com.hub.social.jpa.FindMessageJpaSpecificationTest@147e8148, testMethod = contains@FindMessageJpaSpecificationTest, testException = [null], mergedContextConfiguration = [MergedContextConfiguration@23b3e6a7 testClass = FindMessageJpaSpecificationTest, locations = '{}', classes = '{class com.hub.social.domain.JpaTestConfiguration}', contextInitializerClasses = '[]', activeProfiles = '{}', propertySourceLocations = '{}', propertySourceProperties = '{org.springframework.boot.test.context.SpringBootTestContextBootstrapper=true}', contextCustomizers = set[[ImportsContextCustomizer@284c0b21 key = [Package Import com.hub.social.jpa, org.springframework.boot.autoconfigure.cache.CacheAutoConfiguration, org.springframework.boot.autoconfigure.data.jpa.JpaRepositoriesAutoConfiguration, org.springframework.boot.autoconfigure.flyway.FlywayAutoConfiguration, org.springframework.boot.autoconfigure.jdbc.DataSourceAutoConfiguration, org.springframework.boot.autoconfigure.jdbc.DataSourceTransactionManagerAutoConfiguration, org.springframework.boot.autoconfigure.jdbc.JdbcTemplateAutoConfiguration, org.springframework.boot.autoconfigure.liquibase.LiquibaseAutoConfiguration, org.springframework.boot.autoconfigure.orm.jpa.HibernateJpaAutoConfiguration, org.springframework.boot.autoconfigure.transaction.TransactionAutoConfiguration, org.springframework.boot.test.autoconfigure.jdbc.TestDatabaseAutoConfiguration, org.springframework.boot.test.autoconfigure.orm.jpa.TestEntityManagerAutoConfiguration]], org.springframework.boot.test.context.filter.ExcludeFilterContextCustomizer@66f794a2, org.springframework.boot.test.mock.mockito.MockitoContextCustomizer@0, org.springframework.boot.test.autoconfigure.OverrideAutoConfigurationContextCustomizerFactory$DisableAutoConfigurationContextCustomizer@2d13cec9, org.springframework.boot.test.autoconfigure.filter.TypeExcludeFiltersContextCustomizer@351584c0, org.springframework.boot.test.autoconfigure.properties.PropertyMappingContextCustomizer@98ec8bd, org.springframework.boot.test.autoconfigure.web.servlet.WebDriverContextCustomizerFactory$Customizer@2d302586], contextLoader = 'org.springframework.boot.test.context.SpringBootContextLoader', parent = [null]]].
2019-06-11 10:10:29.371  INFO 15148 --- [    Test worker] o.s.t.c.transaction.TransactionContext   : Began transaction (1) for test context [DefaultTestContext@7d8ab4f1 testClass = FindMessageJpaSpecificationTest, testInstance = com.hub.social.jpa.FindMessageJpaSpecificationTest@2572591f, testMethod = publishedAfter@FindMessageJpaSpecificationTest, testException = [null], mergedContextConfiguration = [MergedContextConfiguration@23b3e6a7 testClass = FindMessageJpaSpecificationTest, locations = '{}', classes = '{class com.hub.social.domain.JpaTestConfiguration}', contextInitializerClasses = '[]', activeProfiles = '{}', propertySourceLocations = '{}', propertySourceProperties = '{org.springframework.boot.test.context.SpringBootTestContextBootstrapper=true}', contextCustomizers = set[[ImportsContextCustomizer@284c0b21 key = [Package Import com.hub.social.jpa, org.springframework.boot.autoconfigure.cache.CacheAutoConfiguration, org.springframework.boot.autoconfigure.data.jpa.JpaRepositoriesAutoConfiguration, org.springframework.boot.autoconfigure.flyway.FlywayAutoConfiguration, org.springframework.boot.autoconfigure.jdbc.DataSourceAutoConfiguration, org.springframework.boot.autoconfigure.jdbc.DataSourceTransactionManagerAutoConfiguration, org.springframework.boot.autoconfigure.jdbc.JdbcTemplateAutoConfiguration, org.springframework.boot.autoconfigure.liquibase.LiquibaseAutoConfiguration, org.springframework.boot.autoconfigure.orm.jpa.HibernateJpaAutoConfiguration, org.springframework.boot.autoconfigure.transaction.TransactionAutoConfiguration, org.springframework.boot.test.autoconfigure.jdbc.TestDatabaseAutoConfiguration, org.springframework.boot.test.autoconfigure.orm.jpa.TestEntityManagerAutoConfiguration]], org.springframework.boot.test.context.filter.ExcludeFilterContextCustomizer@66f794a2, org.springframework.boot.test.mock.mockito.MockitoContextCustomizer@0, org.springframework.boot.test.autoconfigure.OverrideAutoConfigurationContextCustomizerFactory$DisableAutoConfigurationContextCustomizer@2d13cec9, org.springframework.boot.test.autoconfigure.filter.TypeExcludeFiltersContextCustomizer@351584c0, org.springframework.boot.test.autoconfigure.properties.PropertyMappingContextCustomizer@98ec8bd, org.springframework.boot.test.autoconfigure.web.servlet.WebDriverContextCustomizerFactory$Customizer@2d302586], contextLoader = 'org.springframework.boot.test.context.SpringBootContextLoader', parent = [null]]]; transaction manager [org.springframework.orm.jpa.JpaTransactionManager@140f40ae]; rollback [true]
Hibernate: select user0_.id as id1_2_1_, user0_.email as email2_2_1_, user0_.username as username3_2_1_, messages1_.author_id as author_i4_0_3_, messages1_.id as id1_0_3_, messages1_.id as id1_0_0_, messages1_.author_id as author_i4_0_0_, messages1_.body as body2_0_0_, messages1_.publish_time as publish_3_0_0_ from user user0_ left outer join message messages1_ on user0_.id=messages1_.author_id where user0_.id=? order by messages1_.publish_time desc
Hibernate: select message0_.id as id1_0_0_, message0_.author_id as author_i4_0_0_, message0_.body as body2_0_0_, message0_.publish_time as publish_3_0_0_ from message message0_ where message0_.id=?
Hibernate: insert into user (email, username, id) values (?, ?, ?)
Hibernate: insert into message (author_id, body, publish_time, id) values (?, ?, ?, ?)
Hibernate: select message0_.id as id1_0_, message0_.author_id as author_i4_0_, message0_.body as body2_0_, message0_.publish_time as publish_3_0_ from message message0_ where 1=1 and message0_.author_id=? and message0_.publish_time>=?
2019-06-11 10:10:29.387  INFO 15148 --- [    Test worker] o.s.t.c.transaction.TransactionContext   : Rolled back transaction for test context [DefaultTestContext@7d8ab4f1 testClass = FindMessageJpaSpecificationTest, testInstance = com.hub.social.jpa.FindMessageJpaSpecificationTest@2572591f, testMethod = publishedAfter@FindMessageJpaSpecificationTest, testException = [null], mergedContextConfiguration = [MergedContextConfiguration@23b3e6a7 testClass = FindMessageJpaSpecificationTest, locations = '{}', classes = '{class com.hub.social.domain.JpaTestConfiguration}', contextInitializerClasses = '[]', activeProfiles = '{}', propertySourceLocations = '{}', propertySourceProperties = '{org.springframework.boot.test.context.SpringBootTestContextBootstrapper=true}', contextCustomizers = set[[ImportsContextCustomizer@284c0b21 key = [Package Import com.hub.social.jpa, org.springframework.boot.autoconfigure.cache.CacheAutoConfiguration, org.springframework.boot.autoconfigure.data.jpa.JpaRepositoriesAutoConfiguration, org.springframework.boot.autoconfigure.flyway.FlywayAutoConfiguration, org.springframework.boot.autoconfigure.jdbc.DataSourceAutoConfiguration, org.springframework.boot.autoconfigure.jdbc.DataSourceTransactionManagerAutoConfiguration, org.springframework.boot.autoconfigure.jdbc.JdbcTemplateAutoConfiguration, org.springframework.boot.autoconfigure.liquibase.LiquibaseAutoConfiguration, org.springframework.boot.autoconfigure.orm.jpa.HibernateJpaAutoConfiguration, org.springframework.boot.autoconfigure.transaction.TransactionAutoConfiguration, org.springframework.boot.test.autoconfigure.jdbc.TestDatabaseAutoConfiguration, org.springframework.boot.test.autoconfigure.orm.jpa.TestEntityManagerAutoConfiguration]], org.springframework.boot.test.context.filter.ExcludeFilterContextCustomizer@66f794a2, org.springframework.boot.test.mock.mockito.MockitoContextCustomizer@0, org.springframework.boot.test.autoconfigure.OverrideAutoConfigurationContextCustomizerFactory$DisableAutoConfigurationContextCustomizer@2d13cec9, org.springframework.boot.test.autoconfigure.filter.TypeExcludeFiltersContextCustomizer@351584c0, org.springframework.boot.test.autoconfigure.properties.PropertyMappingContextCustomizer@98ec8bd, org.springframework.boot.test.autoconfigure.web.servlet.WebDriverContextCustomizerFactory$Customizer@2d302586], contextLoader = 'org.springframework.boot.test.context.SpringBootContextLoader', parent = [null]]].
2019-06-11 10:10:29.390  INFO 15148 --- [    Test worker] o.s.t.c.transaction.TransactionContext   : Began transaction (1) for test context [DefaultTestContext@7d8ab4f1 testClass = FindMessageJpaSpecificationTest, testInstance = com.hub.social.jpa.FindMessageJpaSpecificationTest@6c41ed2b, testMethod = shouldNotFindAny@FindMessageJpaSpecificationTest, testException = [null], mergedContextConfiguration = [MergedContextConfiguration@23b3e6a7 testClass = FindMessageJpaSpecificationTest, locations = '{}', classes = '{class com.hub.social.domain.JpaTestConfiguration}', contextInitializerClasses = '[]', activeProfiles = '{}', propertySourceLocations = '{}', propertySourceProperties = '{org.springframework.boot.test.context.SpringBootTestContextBootstrapper=true}', contextCustomizers = set[[ImportsContextCustomizer@284c0b21 key = [Package Import com.hub.social.jpa, org.springframework.boot.autoconfigure.cache.CacheAutoConfiguration, org.springframework.boot.autoconfigure.data.jpa.JpaRepositoriesAutoConfiguration, org.springframework.boot.autoconfigure.flyway.FlywayAutoConfiguration, org.springframework.boot.autoconfigure.jdbc.DataSourceAutoConfiguration, org.springframework.boot.autoconfigure.jdbc.DataSourceTransactionManagerAutoConfiguration, org.springframework.boot.autoconfigure.jdbc.JdbcTemplateAutoConfiguration, org.springframework.boot.autoconfigure.liquibase.LiquibaseAutoConfiguration, org.springframework.boot.autoconfigure.orm.jpa.HibernateJpaAutoConfiguration, org.springframework.boot.autoconfigure.transaction.TransactionAutoConfiguration, org.springframework.boot.test.autoconfigure.jdbc.TestDatabaseAutoConfiguration, org.springframework.boot.test.autoconfigure.orm.jpa.TestEntityManagerAutoConfiguration]], org.springframework.boot.test.context.filter.ExcludeFilterContextCustomizer@66f794a2, org.springframework.boot.test.mock.mockito.MockitoContextCustomizer@0, org.springframework.boot.test.autoconfigure.OverrideAutoConfigurationContextCustomizerFactory$DisableAutoConfigurationContextCustomizer@2d13cec9, org.springframework.boot.test.autoconfigure.filter.TypeExcludeFiltersContextCustomizer@351584c0, org.springframework.boot.test.autoconfigure.properties.PropertyMappingContextCustomizer@98ec8bd, org.springframework.boot.test.autoconfigure.web.servlet.WebDriverContextCustomizerFactory$Customizer@2d302586], contextLoader = 'org.springframework.boot.test.context.SpringBootContextLoader', parent = [null]]]; transaction manager [org.springframework.orm.jpa.JpaTransactionManager@140f40ae]; rollback [true]
Hibernate: select user0_.id as id1_2_1_, user0_.email as email2_2_1_, user0_.username as username3_2_1_, messages1_.author_id as author_i4_0_3_, messages1_.id as id1_0_3_, messages1_.id as id1_0_0_, messages1_.author_id as author_i4_0_0_, messages1_.body as body2_0_0_, messages1_.publish_time as publish_3_0_0_ from user user0_ left outer join message messages1_ on user0_.id=messages1_.author_id where user0_.id=? order by messages1_.publish_time desc
Hibernate: select message0_.id as id1_0_0_, message0_.author_id as author_i4_0_0_, message0_.body as body2_0_0_, message0_.publish_time as publish_3_0_0_ from message message0_ where message0_.id=?
Hibernate: insert into user (email, username, id) values (?, ?, ?)
Hibernate: insert into message (author_id, body, publish_time, id) values (?, ?, ?, ?)
Hibernate: select message0_.id as id1_0_, message0_.author_id as author_i4_0_, message0_.body as body2_0_, message0_.publish_time as publish_3_0_ from message message0_ where 1=1 and message0_.author_id=? and message0_.publish_time<=?
2019-06-11 10:10:29.402  INFO 15148 --- [    Test worker] o.s.t.c.transaction.TransactionContext   : Rolled back transaction for test context [DefaultTestContext@7d8ab4f1 testClass = FindMessageJpaSpecificationTest, testInstance = com.hub.social.jpa.FindMessageJpaSpecificationTest@6c41ed2b, testMethod = shouldNotFindAny@FindMessageJpaSpecificationTest, testException = [null], mergedContextConfiguration = [MergedContextConfiguration@23b3e6a7 testClass = FindMessageJpaSpecificationTest, locations = '{}', classes = '{class com.hub.social.domain.JpaTestConfiguration}', contextInitializerClasses = '[]', activeProfiles = '{}', propertySourceLocations = '{}', propertySourceProperties = '{org.springframework.boot.test.context.SpringBootTestContextBootstrapper=true}', contextCustomizers = set[[ImportsContextCustomizer@284c0b21 key = [Package Import com.hub.social.jpa, org.springframework.boot.autoconfigure.cache.CacheAutoConfiguration, org.springframework.boot.autoconfigure.data.jpa.JpaRepositoriesAutoConfiguration, org.springframework.boot.autoconfigure.flyway.FlywayAutoConfiguration, org.springframework.boot.autoconfigure.jdbc.DataSourceAutoConfiguration, org.springframework.boot.autoconfigure.jdbc.DataSourceTransactionManagerAutoConfiguration, org.springframework.boot.autoconfigure.jdbc.JdbcTemplateAutoConfiguration, org.springframework.boot.autoconfigure.liquibase.LiquibaseAutoConfiguration, org.springframework.boot.autoconfigure.orm.jpa.HibernateJpaAutoConfiguration, org.springframework.boot.autoconfigure.transaction.TransactionAutoConfiguration, org.springframework.boot.test.autoconfigure.jdbc.TestDatabaseAutoConfiguration, org.springframework.boot.test.autoconfigure.orm.jpa.TestEntityManagerAutoConfiguration]], org.springframework.boot.test.context.filter.ExcludeFilterContextCustomizer@66f794a2, org.springframework.boot.test.mock.mockito.MockitoContextCustomizer@0, org.springframework.boot.test.autoconfigure.OverrideAutoConfigurationContextCustomizerFactory$DisableAutoConfigurationContextCustomizer@2d13cec9, org.springframework.boot.test.autoconfigure.filter.TypeExcludeFiltersContextCustomizer@351584c0, org.springframework.boot.test.autoconfigure.properties.PropertyMappingContextCustomizer@98ec8bd, org.springframework.boot.test.autoconfigure.web.servlet.WebDriverContextCustomizerFactory$Customizer@2d302586], contextLoader = 'org.springframework.boot.test.context.SpringBootContextLoader', parent = [null]]].
2019-06-11 10:10:29.405  INFO 15148 --- [    Test worker] o.s.t.c.transaction.TransactionContext   : Began transaction (1) for test context [DefaultTestContext@7d8ab4f1 testClass = FindMessageJpaSpecificationTest, testInstance = com.hub.social.jpa.FindMessageJpaSpecificationTest@6f0aba90, testMethod = publishedBefore@FindMessageJpaSpecificationTest, testException = [null], mergedContextConfiguration = [MergedContextConfiguration@23b3e6a7 testClass = FindMessageJpaSpecificationTest, locations = '{}', classes = '{class com.hub.social.domain.JpaTestConfiguration}', contextInitializerClasses = '[]', activeProfiles = '{}', propertySourceLocations = '{}', propertySourceProperties = '{org.springframework.boot.test.context.SpringBootTestContextBootstrapper=true}', contextCustomizers = set[[ImportsContextCustomizer@284c0b21 key = [Package Import com.hub.social.jpa, org.springframework.boot.autoconfigure.cache.CacheAutoConfiguration, org.springframework.boot.autoconfigure.data.jpa.JpaRepositoriesAutoConfiguration, org.springframework.boot.autoconfigure.flyway.FlywayAutoConfiguration, org.springframework.boot.autoconfigure.jdbc.DataSourceAutoConfiguration, org.springframework.boot.autoconfigure.jdbc.DataSourceTransactionManagerAutoConfiguration, org.springframework.boot.autoconfigure.jdbc.JdbcTemplateAutoConfiguration, org.springframework.boot.autoconfigure.liquibase.LiquibaseAutoConfiguration, org.springframework.boot.autoconfigure.orm.jpa.HibernateJpaAutoConfiguration, org.springframework.boot.autoconfigure.transaction.TransactionAutoConfiguration, org.springframework.boot.test.autoconfigure.jdbc.TestDatabaseAutoConfiguration, org.springframework.boot.test.autoconfigure.orm.jpa.TestEntityManagerAutoConfiguration]], org.springframework.boot.test.context.filter.ExcludeFilterContextCustomizer@66f794a2, org.springframework.boot.test.mock.mockito.MockitoContextCustomizer@0, org.springframework.boot.test.autoconfigure.OverrideAutoConfigurationContextCustomizerFactory$DisableAutoConfigurationContextCustomizer@2d13cec9, org.springframework.boot.test.autoconfigure.filter.TypeExcludeFiltersContextCustomizer@351584c0, org.springframework.boot.test.autoconfigure.properties.PropertyMappingContextCustomizer@98ec8bd, org.springframework.boot.test.autoconfigure.web.servlet.WebDriverContextCustomizerFactory$Customizer@2d302586], contextLoader = 'org.springframework.boot.test.context.SpringBootContextLoader', parent = [null]]]; transaction manager [org.springframework.orm.jpa.JpaTransactionManager@140f40ae]; rollback [true]
Hibernate: select user0_.id as id1_2_1_, user0_.email as email2_2_1_, user0_.username as username3_2_1_, messages1_.author_id as author_i4_0_3_, messages1_.id as id1_0_3_, messages1_.id as id1_0_0_, messages1_.author_id as author_i4_0_0_, messages1_.body as body2_0_0_, messages1_.publish_time as publish_3_0_0_ from user user0_ left outer join message messages1_ on user0_.id=messages1_.author_id where user0_.id=? order by messages1_.publish_time desc
Hibernate: select message0_.id as id1_0_0_, message0_.author_id as author_i4_0_0_, message0_.body as body2_0_0_, message0_.publish_time as publish_3_0_0_ from message message0_ where message0_.id=?
Hibernate: insert into user (email, username, id) values (?, ?, ?)
Hibernate: insert into message (author_id, body, publish_time, id) values (?, ?, ?, ?)
Hibernate: select message0_.id as id1_0_, message0_.author_id as author_i4_0_, message0_.body as body2_0_, message0_.publish_time as publish_3_0_ from message message0_ where 1=1 and message0_.publish_time<=? and message0_.author_id=?
2019-06-11 10:10:29.416  INFO 15148 --- [    Test worker] o.s.t.c.transaction.TransactionContext   : Rolled back transaction for test context [DefaultTestContext@7d8ab4f1 testClass = FindMessageJpaSpecificationTest, testInstance = com.hub.social.jpa.FindMessageJpaSpecificationTest@6f0aba90, testMethod = publishedBefore@FindMessageJpaSpecificationTest, testException = [null], mergedContextConfiguration = [MergedContextConfiguration@23b3e6a7 testClass = FindMessageJpaSpecificationTest, locations = '{}', classes = '{class com.hub.social.domain.JpaTestConfiguration}', contextInitializerClasses = '[]', activeProfiles = '{}', propertySourceLocations = '{}', propertySourceProperties = '{org.springframework.boot.test.context.SpringBootTestContextBootstrapper=true}', contextCustomizers = set[[ImportsContextCustomizer@284c0b21 key = [Package Import com.hub.social.jpa, org.springframework.boot.autoconfigure.cache.CacheAutoConfiguration, org.springframework.boot.autoconfigure.data.jpa.JpaRepositoriesAutoConfiguration, org.springframework.boot.autoconfigure.flyway.FlywayAutoConfiguration, org.springframework.boot.autoconfigure.jdbc.DataSourceAutoConfiguration, org.springframework.boot.autoconfigure.jdbc.DataSourceTransactionManagerAutoConfiguration, org.springframework.boot.autoconfigure.jdbc.JdbcTemplateAutoConfiguration, org.springframework.boot.autoconfigure.liquibase.LiquibaseAutoConfiguration, org.springframework.boot.autoconfigure.orm.jpa.HibernateJpaAutoConfiguration, org.springframework.boot.autoconfigure.transaction.TransactionAutoConfiguration, org.springframework.boot.test.autoconfigure.jdbc.TestDatabaseAutoConfiguration, org.springframework.boot.test.autoconfigure.orm.jpa.TestEntityManagerAutoConfiguration]], org.springframework.boot.test.context.filter.ExcludeFilterContextCustomizer@66f794a2, org.springframework.boot.test.mock.mockito.MockitoContextCustomizer@0, org.springframework.boot.test.autoconfigure.OverrideAutoConfigurationContextCustomizerFactory$DisableAutoConfigurationContextCustomizer@2d13cec9, org.springframework.boot.test.autoconfigure.filter.TypeExcludeFiltersContextCustomizer@351584c0, org.springframework.boot.test.autoconfigure.properties.PropertyMappingContextCustomizer@98ec8bd, org.springframework.boot.test.autoconfigure.web.servlet.WebDriverContextCustomizerFactory$Customizer@2d302586], contextLoader = 'org.springframework.boot.test.context.SpringBootContextLoader', parent = [null]]].
]]></system-out>
  <system-err><![CDATA[]]></system-err>
</testsuite>
