<?xml version="1.0" encoding="UTF-8"?>
<testsuite name="com.hub.social.domain.UserRepositoryTest" tests="5" skipped="0" failures="0" errors="0" timestamp="2019-06-11T15:10:27" hostname="CO-IT005102" time="0.461">
  <properties/>
  <testcase name="shouldRejectDuplicateEmails" classname="com.hub.social.domain.UserRepositoryTest" time="0.215"/>
  <testcase name="shouldSaveFollowers" classname="com.hub.social.domain.UserRepositoryTest" time="0.182"/>
  <testcase name="shouldCascadeMessages" classname="com.hub.social.domain.UserRepositoryTest" time="0.029"/>
  <testcase name="shouldRejectDuplicateUsernames" classname="com.hub.social.domain.UserRepositoryTest" time="0.012"/>
  <testcase name="shouldSaveReplies" classname="com.hub.social.domain.UserRepositoryTest" time="0.018"/>
  <system-out><![CDATA[10:10:22.605 [Test worker] DEBUG org.springframework.test.context.junit4.SpringJUnit4ClassRunner - SpringJUnit4ClassRunner constructor called with [class com.hub.social.domain.UserRepositoryTest]
10:10:22.610 [Test worker] DEBUG org.springframework.test.context.BootstrapUtils - Instantiating CacheAwareContextLoaderDelegate from class [org.springframework.test.context.cache.DefaultCacheAwareContextLoaderDelegate]
10:10:22.617 [Test worker] DEBUG org.springframework.test.context.BootstrapUtils - Instantiating BootstrapContext using constructor [public org.springframework.test.context.support.DefaultBootstrapContext(java.lang.Class,org.springframework.test.context.CacheAwareContextLoaderDelegate)]
10:10:22.634 [Test worker] DEBUG org.springframework.test.context.BootstrapUtils - Instantiating TestContextBootstrapper for test class [com.hub.social.domain.UserRepositoryTest] from class [org.springframework.boot.test.context.SpringBootTestContextBootstrapper]
10:10:22.660 [Test worker] DEBUG org.springframework.test.context.support.AbstractContextLoader - Did not detect default resource location for test class [com.hub.social.domain.UserRepositoryTest]: class path resource [com/hub/social/domain/UserRepositoryTest-context.xml] does not exist
10:10:22.660 [Test worker] DEBUG org.springframework.test.context.support.AbstractContextLoader - Did not detect default resource location for test class [com.hub.social.domain.UserRepositoryTest]: class path resource [com/hub/social/domain/UserRepositoryTestContext.groovy] does not exist
10:10:22.660 [Test worker] INFO org.springframework.test.context.support.AbstractContextLoader - Could not detect default resource locations for test class [com.hub.social.domain.UserRepositoryTest]: no resource found for suffixes {-context.xml, Context.groovy}.
10:10:22.727 [Test worker] DEBUG org.springframework.test.context.support.ActiveProfilesUtils - Could not find an 'annotation declaring class' for annotation type [org.springframework.test.context.ActiveProfiles] and class [com.hub.social.domain.UserRepositoryTest]
10:10:22.730 [Test worker] DEBUG org.springframework.boot.test.context.SpringBootTestContextBootstrapper - @TestExecutionListeners is not present for class [com.hub.social.domain.UserRepositoryTest]: using defaults.
10:10:22.734 [Test worker] INFO org.springframework.boot.test.context.SpringBootTestContextBootstrapper - Loaded default TestExecutionListener class names from location [META-INF/spring.factories]: [org.springframework.boot.test.mock.mockito.MockitoTestExecutionListener, org.springframework.boot.test.mock.mockito.ResetMocksTestExecutionListener, org.springframework.boot.test.autoconfigure.restdocs.RestDocsTestExecutionListener, org.springframework.boot.test.autoconfigure.web.client.MockRestServiceServerResetTestExecutionListener, org.springframework.boot.test.autoconfigure.web.servlet.MockMvcPrintOnlyOnFailureTestExecutionListener, org.springframework.boot.test.autoconfigure.web.servlet.WebDriverTestExecutionListener, org.springframework.test.context.web.ServletTestExecutionListener, org.springframework.test.context.support.DirtiesContextBeforeModesTestExecutionListener, org.springframework.test.context.support.DependencyInjectionTestExecutionListener, org.springframework.test.context.support.DirtiesContextTestExecutionListener, org.springframework.test.context.transaction.TransactionalTestExecutionListener, org.springframework.test.context.jdbc.SqlScriptsTestExecutionListener]
10:10:22.755 [Test worker] INFO org.springframework.boot.test.context.SpringBootTestContextBootstrapper - Using TestExecutionListeners: [org.springframework.test.context.web.ServletTestExecutionListener@36071765, org.springframework.test.context.support.DirtiesContextBeforeModesTestExecutionListener@664be410, org.springframework.boot.test.autoconfigure.SpringBootDependencyInjectionTestExecutionListener@7fdfdbc2, org.springframework.test.context.support.DirtiesContextTestExecutionListener@70c30f83, org.springframework.test.context.transaction.TransactionalTestExecutionListener@7e7192c1, org.springframework.test.context.jdbc.SqlScriptsTestExecutionListener@47a3827b, org.springframework.boot.test.mock.mockito.ResetMocksTestExecutionListener@46234086, org.springframework.boot.test.autoconfigure.web.client.MockRestServiceServerResetTestExecutionListener@2e74f0d6, org.springframework.boot.test.autoconfigure.web.servlet.WebDriverTestExecutionListener@5ce18843, org.springframework.boot.test.autoconfigure.restdocs.RestDocsTestExecutionListener@70a69fe, org.springframework.boot.test.autoconfigure.web.servlet.MockMvcPrintOnlyOnFailureTestExecutionListener@5bf13ee9, org.springframework.boot.test.mock.mockito.MockitoTestExecutionListener@528a9701]
10:10:22.758 [Test worker] DEBUG org.springframework.test.annotation.ProfileValueUtils - Retrieved @ProfileValueSourceConfiguration [null] for test class [com.hub.social.domain.UserRepositoryTest]
10:10:22.758 [Test worker] DEBUG org.springframework.test.annotation.ProfileValueUtils - Retrieved ProfileValueSource type [class org.springframework.test.annotation.SystemProfileValueSource] for class [com.hub.social.domain.UserRepositoryTest]
10:10:22.759 [Test worker] DEBUG org.springframework.test.annotation.ProfileValueUtils - Retrieved @ProfileValueSourceConfiguration [null] for test class [com.hub.social.domain.UserRepositoryTest]
10:10:22.759 [Test worker] DEBUG org.springframework.test.annotation.ProfileValueUtils - Retrieved ProfileValueSource type [class org.springframework.test.annotation.SystemProfileValueSource] for class [com.hub.social.domain.UserRepositoryTest]
10:10:22.764 [Test worker] DEBUG org.springframework.test.context.support.AbstractDirtiesContextTestExecutionListener - Before test class: context [DefaultTestContext@1218975c testClass = UserRepositoryTest, testInstance = [null], testMethod = [null], testException = [null], mergedContextConfiguration = [MergedContextConfiguration@14b1e866 testClass = UserRepositoryTest, locations = '{}', classes = '{class com.hub.social.domain.UserRepositoryTest}', contextInitializerClasses = '[]', activeProfiles = '{}', propertySourceLocations = '{}', propertySourceProperties = '{org.springframework.boot.test.context.SpringBootTestContextBootstrapper=true}', contextCustomizers = set[[ImportsContextCustomizer@41dcecd3 key = [Package Import com.hub.social.domain, org.springframework.boot.autoconfigure.cache.CacheAutoConfiguration, org.springframework.boot.autoconfigure.data.jpa.JpaRepositoriesAutoConfiguration, org.springframework.boot.autoconfigure.flyway.FlywayAutoConfiguration, org.springframework.boot.autoconfigure.jdbc.DataSourceAutoConfiguration, org.springframework.boot.autoconfigure.jdbc.DataSourceTransactionManagerAutoConfiguration, org.springframework.boot.autoconfigure.jdbc.JdbcTemplateAutoConfiguration, org.springframework.boot.autoconfigure.liquibase.LiquibaseAutoConfiguration, org.springframework.boot.autoconfigure.orm.jpa.HibernateJpaAutoConfiguration, org.springframework.boot.autoconfigure.transaction.TransactionAutoConfiguration, org.springframework.boot.test.autoconfigure.jdbc.TestDatabaseAutoConfiguration, org.springframework.boot.test.autoconfigure.orm.jpa.TestEntityManagerAutoConfiguration]], org.springframework.boot.test.context.filter.ExcludeFilterContextCustomizer@66f794a2, org.springframework.boot.test.mock.mockito.MockitoContextCustomizer@0, org.springframework.boot.test.autoconfigure.OverrideAutoConfigurationContextCustomizerFactory$DisableAutoConfigurationContextCustomizer@2d13cec9, org.springframework.boot.test.autoconfigure.filter.TypeExcludeFiltersContextCustomizer@351584c0, org.springframework.boot.test.autoconfigure.properties.PropertyMappingContextCustomizer@98ec8bd, org.springframework.boot.test.autoconfigure.web.servlet.WebDriverContextCustomizerFactory$Customizer@2d302586], contextLoader = 'org.springframework.boot.test.context.SpringBootContextLoader', parent = [null]]], class annotated with @DirtiesContext [false] with mode [null].
10:10:22.765 [Test worker] DEBUG org.springframework.test.annotation.ProfileValueUtils - Retrieved @ProfileValueSourceConfiguration [null] for test class [com.hub.social.domain.UserRepositoryTest]
10:10:22.765 [Test worker] DEBUG org.springframework.test.annotation.ProfileValueUtils - Retrieved ProfileValueSource type [class org.springframework.test.annotation.SystemProfileValueSource] for class [com.hub.social.domain.UserRepositoryTest]
10:10:22.767 [Test worker] DEBUG org.springframework.test.context.support.DependencyInjectionTestExecutionListener - Performing dependency injection for test context [[DefaultTestContext@1218975c testClass = UserRepositoryTest, testInstance = com.hub.social.domain.UserRepositoryTest@4fef5c54, testMethod = [null], testException = [null], mergedContextConfiguration = [MergedContextConfiguration@14b1e866 testClass = UserRepositoryTest, locations = '{}', classes = '{class com.hub.social.domain.UserRepositoryTest}', contextInitializerClasses = '[]', activeProfiles = '{}', propertySourceLocations = '{}', propertySourceProperties = '{org.springframework.boot.test.context.SpringBootTestContextBootstrapper=true}', contextCustomizers = set[[ImportsContextCustomizer@41dcecd3 key = [Package Import com.hub.social.domain, org.springframework.boot.autoconfigure.cache.CacheAutoConfiguration, org.springframework.boot.autoconfigure.data.jpa.JpaRepositoriesAutoConfiguration, org.springframework.boot.autoconfigure.flyway.FlywayAutoConfiguration, org.springframework.boot.autoconfigure.jdbc.DataSourceAutoConfiguration, org.springframework.boot.autoconfigure.jdbc.DataSourceTransactionManagerAutoConfiguration, org.springframework.boot.autoconfigure.jdbc.JdbcTemplateAutoConfiguration, org.springframework.boot.autoconfigure.liquibase.LiquibaseAutoConfiguration, org.springframework.boot.autoconfigure.orm.jpa.HibernateJpaAutoConfiguration, org.springframework.boot.autoconfigure.transaction.TransactionAutoConfiguration, org.springframework.boot.test.autoconfigure.jdbc.TestDatabaseAutoConfiguration, org.springframework.boot.test.autoconfigure.orm.jpa.TestEntityManagerAutoConfiguration]], org.springframework.boot.test.context.filter.ExcludeFilterContextCustomizer@66f794a2, org.springframework.boot.test.mock.mockito.MockitoContextCustomizer@0, org.springframework.boot.test.autoconfigure.OverrideAutoConfigurationContextCustomizerFactory$DisableAutoConfigurationContextCustomizer@2d13cec9, org.springframework.boot.test.autoconfigure.filter.TypeExcludeFiltersContextCustomizer@351584c0, org.springframework.boot.test.autoconfigure.properties.PropertyMappingContextCustomizer@98ec8bd, org.springframework.boot.test.autoconfigure.web.servlet.WebDriverContextCustomizerFactory$Customizer@2d302586], contextLoader = 'org.springframework.boot.test.context.SpringBootContextLoader', parent = [null]]]].
10:10:22.827 [Test worker] DEBUG org.springframework.core.env.StandardEnvironment - Adding [systemProperties] PropertySource with lowest search precedence
10:10:22.828 [Test worker] DEBUG org.springframework.core.env.StandardEnvironment - Adding [systemEnvironment] PropertySource with lowest search precedence
10:10:22.828 [Test worker] DEBUG org.springframework.core.env.StandardEnvironment - Initialized StandardEnvironment with PropertySources [systemProperties,systemEnvironment]
10:10:22.829 [Test worker] DEBUG org.springframework.core.env.MutablePropertySources - Adding [inline] PropertySource with highest search precedence
10:10:22.835 [Test worker] DEBUG org.springframework.test.context.support.TestPropertySourceUtils - Adding inlined properties to environment: {spring.jmx.enabled=false, org.springframework.boot.test.context.SpringBootTestContextBootstrapper=true, server.port=-1}
10:10:22.835 [Test worker] DEBUG org.springframework.core.env.StandardEnvironment - Adding [Inlined Test Properties] PropertySource with highest search precedence

  .   ____          _            __ _ _
 /\\ / ___'_ __ _ _(_)_ __  __ _ \ \ \ \
( ( )\___ | '_ | '_| | '_ \/ _` | \ \ \ \
 \\/  ___)| |_)| | | | | || (_| |  ) ) ) )
  '  |____| .__|_| |_|_| |_\__, | / / / /
 =========|_|==============|___/=/_/_/_/
 :: Spring Boot ::        (v1.5.1.RELEASE)

2019-06-11 10:10:23.553  INFO 15148 --- [    Test worker] c.hub.social.domain.UserRepositoryTest   : Starting UserRepositoryTest on CO-IT005102 with PID 15148 (started by julian.tobon in C:\Users\julian.tobon\Desktop\rest-master)
2019-06-11 10:10:23.554  INFO 15148 --- [    Test worker] c.hub.social.domain.UserRepositoryTest   : No active profile set, falling back to default profiles: default
2019-06-11 10:10:23.568  INFO 15148 --- [    Test worker] s.c.a.AnnotationConfigApplicationContext : Refreshing org.springframework.context.annotation.AnnotationConfigApplicationContext@3d8a1072: startup date [Tue Jun 11 10:10:23 COT 2019]; root of context hierarchy
2019-06-11 10:10:24.071  INFO 15148 --- [    Test worker] beddedDataSourceBeanFactoryPostProcessor : Replacing 'dataSource' DataSource bean with embedded version
2019-06-11 10:10:24.072  INFO 15148 --- [    Test worker] o.s.b.f.s.DefaultListableBeanFactory     : Overriding bean definition for bean 'dataSource' with a different definition: replacing [Root bean: class [null]; scope=; abstract=false; lazyInit=false; autowireMode=3; dependencyCheck=0; autowireCandidate=true; primary=false; factoryBeanName=org.springframework.boot.autoconfigure.jdbc.DataSourceConfiguration$Tomcat; factoryMethodName=dataSource; initMethodName=null; destroyMethodName=(inferred); defined in class path resource [org/springframework/boot/autoconfigure/jdbc/DataSourceConfiguration$Tomcat.class]] with [Root bean: class [org.springframework.boot.test.autoconfigure.jdbc.TestDatabaseAutoConfiguration$EmbeddedDataSourceFactoryBean]; scope=; abstract=false; lazyInit=false; autowireMode=0; dependencyCheck=0; autowireCandidate=true; primary=false; factoryBeanName=null; factoryMethodName=null; initMethodName=null; destroyMethodName=null]
2019-06-11 10:10:24.073  WARN 15148 --- [    Test worker] o.s.c.a.ConfigurationClassPostProcessor  : Cannot enhance @Configuration bean definition 'embeddedDataSourceBeanFactoryPostProcessor' since its singleton instance has been created too early. The typical cause is a non-static @Bean method with a BeanDefinitionRegistryPostProcessor return type: Consider declaring such methods as 'static'.
2019-06-11 10:10:24.206  INFO 15148 --- [    Test worker] f.a.AutowiredAnnotationBeanPostProcessor : JSR-330 'javax.inject.Inject' annotation found and supported for autowiring
2019-06-11 10:10:24.451  INFO 15148 --- [    Test worker] o.s.j.d.e.EmbeddedDatabaseFactory        : Starting embedded database: url='jdbc:h2:mem:094eb66b-4117-4ca3-8b9d-e6386ffeb019;DB_CLOSE_DELAY=-1;DB_CLOSE_ON_EXIT=false', username='sa'
2019-06-11 10:10:25.019  INFO 15148 --- [    Test worker] liquibase                                : Successfully acquired change log lock
2019-06-11 10:10:25.665  INFO 15148 --- [    Test worker] liquibase                                : Creating database history table with name: PUBLIC.DATABASECHANGELOG
2019-06-11 10:10:25.668  INFO 15148 --- [    Test worker] liquibase                                : Reading from PUBLIC.DATABASECHANGELOG
2019-06-11 10:10:25.706  INFO 15148 --- [    Test worker] liquibase                                : classpath:/db/changelog/db.changelog-master.yaml: classpath:/db/changelog/db.changelog-master.yaml::1::andres.postiglioni: SQL in file db/changelog/migrations/v001.up.sql executed
2019-06-11 10:10:25.706  INFO 15148 --- [    Test worker] liquibase                                : classpath:/db/changelog/db.changelog-master.yaml: classpath:/db/changelog/db.changelog-master.yaml::1::andres.postiglioni: ChangeSet classpath:/db/changelog/db.changelog-master.yaml::1::andres.postiglioni ran successfully in 31ms
2019-06-11 10:10:25.714  INFO 15148 --- [    Test worker] liquibase                                : Successfully released change log lock
2019-06-11 10:10:25.874  INFO 15148 --- [    Test worker] j.LocalContainerEntityManagerFactoryBean : Building JPA container EntityManagerFactory for persistence unit 'default'
2019-06-11 10:10:25.896  INFO 15148 --- [    Test worker] o.hibernate.jpa.internal.util.LogHelper  : HHH000204: Processing PersistenceUnitInfo [
	name: default
	...]
2019-06-11 10:10:25.994  INFO 15148 --- [    Test worker] org.hibernate.Version                    : HHH000412: Hibernate Core {5.0.11.Final}
2019-06-11 10:10:25.996  INFO 15148 --- [    Test worker] org.hibernate.cfg.Environment            : HHH000206: hibernate.properties not found
2019-06-11 10:10:25.997  INFO 15148 --- [    Test worker] org.hibernate.cfg.Environment            : HHH000021: Bytecode provider name : javassist
2019-06-11 10:10:26.052  INFO 15148 --- [    Test worker] o.hibernate.annotations.common.Version   : HCANN000001: Hibernate Commons Annotations {5.0.1.Final}
2019-06-11 10:10:26.202  INFO 15148 --- [    Test worker] org.hibernate.dialect.Dialect            : HHH000400: Using dialect: org.hibernate.dialect.H2Dialect
2019-06-11 10:10:26.895  INFO 15148 --- [    Test worker] j.LocalContainerEntityManagerFactoryBean : Initialized JPA EntityManagerFactory for persistence unit 'default'
2019-06-11 10:10:27.513  INFO 15148 --- [    Test worker] c.hub.social.domain.UserRepositoryTest   : Started UserRepositoryTest in 4.677 seconds (JVM running for 6.01)
2019-06-11 10:10:27.563  INFO 15148 --- [    Test worker] o.s.t.c.transaction.TransactionContext   : Began transaction (1) for test context [DefaultTestContext@1218975c testClass = UserRepositoryTest, testInstance = com.hub.social.domain.UserRepositoryTest@4fef5c54, testMethod = shouldRejectDuplicateEmails@UserRepositoryTest, testException = [null], mergedContextConfiguration = [MergedContextConfiguration@14b1e866 testClass = UserRepositoryTest, locations = '{}', classes = '{class com.hub.social.domain.UserRepositoryTest}', contextInitializerClasses = '[]', activeProfiles = '{}', propertySourceLocations = '{}', propertySourceProperties = '{org.springframework.boot.test.context.SpringBootTestContextBootstrapper=true}', contextCustomizers = set[[ImportsContextCustomizer@41dcecd3 key = [Package Import com.hub.social.domain, org.springframework.boot.autoconfigure.cache.CacheAutoConfiguration, org.springframework.boot.autoconfigure.data.jpa.JpaRepositoriesAutoConfiguration, org.springframework.boot.autoconfigure.flyway.FlywayAutoConfiguration, org.springframework.boot.autoconfigure.jdbc.DataSourceAutoConfiguration, org.springframework.boot.autoconfigure.jdbc.DataSourceTransactionManagerAutoConfiguration, org.springframework.boot.autoconfigure.jdbc.JdbcTemplateAutoConfiguration, org.springframework.boot.autoconfigure.liquibase.LiquibaseAutoConfiguration, org.springframework.boot.autoconfigure.orm.jpa.HibernateJpaAutoConfiguration, org.springframework.boot.autoconfigure.transaction.TransactionAutoConfiguration, org.springframework.boot.test.autoconfigure.jdbc.TestDatabaseAutoConfiguration, org.springframework.boot.test.autoconfigure.orm.jpa.TestEntityManagerAutoConfiguration]], org.springframework.boot.test.context.filter.ExcludeFilterContextCustomizer@66f794a2, org.springframework.boot.test.mock.mockito.MockitoContextCustomizer@0, org.springframework.boot.test.autoconfigure.OverrideAutoConfigurationContextCustomizerFactory$DisableAutoConfigurationContextCustomizer@2d13cec9, org.springframework.boot.test.autoconfigure.filter.TypeExcludeFiltersContextCustomizer@351584c0, org.springframework.boot.test.autoconfigure.properties.PropertyMappingContextCustomizer@98ec8bd, org.springframework.boot.test.autoconfigure.web.servlet.WebDriverContextCustomizerFactory$Customizer@2d302586], contextLoader = 'org.springframework.boot.test.context.SpringBootContextLoader', parent = [null]]]; transaction manager [org.springframework.orm.jpa.JpaTransactionManager@470e855b]; rollback [true]
Hibernate: select user0_.id as id1_2_1_, user0_.email as email2_2_1_, user0_.username as username3_2_1_, messages1_.author_id as author_i4_0_3_, messages1_.id as id1_0_3_, messages1_.id as id1_0_0_, messages1_.author_id as author_i4_0_0_, messages1_.body as body2_0_0_, messages1_.publish_time as publish_3_0_0_ from user user0_ left outer join message messages1_ on user0_.id=messages1_.author_id where user0_.id=? order by messages1_.publish_time desc
Hibernate: select user0_.id as id1_2_1_, user0_.email as email2_2_1_, user0_.username as username3_2_1_, messages1_.author_id as author_i4_0_3_, messages1_.id as id1_0_3_, messages1_.id as id1_0_0_, messages1_.author_id as author_i4_0_0_, messages1_.body as body2_0_0_, messages1_.publish_time as publish_3_0_0_ from user user0_ left outer join message messages1_ on user0_.id=messages1_.author_id where user0_.id=? order by messages1_.publish_time desc
Hibernate: insert into user (email, username, id) values (?, ?, ?)
Hibernate: insert into user (email, username, id) values (?, ?, ?)
2019-06-11 10:10:27.748  WARN 15148 --- [    Test worker] o.h.engine.jdbc.spi.SqlExceptionHelper   : SQL Error: 23505, SQLState: 23505
2019-06-11 10:10:27.748 ERROR 15148 --- [    Test worker] o.h.engine.jdbc.spi.SqlExceptionHelper   : Unique index or primary key violation: "UK_OB8KQYQQGMEFL0ACO34AKDTPE_INDEX_2 ON PUBLIC.USER(EMAIL) VALUES ('email1@email.com', 1)"; SQL statement:
insert into user (email, username, id) values (?, ?, ?) [23505-193]
2019-06-11 10:10:27.754  INFO 15148 --- [    Test worker] o.h.e.j.b.internal.AbstractBatchImpl     : HHH000010: On release of batch it still contained JDBC statements
2019-06-11 10:10:27.763  INFO 15148 --- [    Test worker] o.s.t.c.transaction.TransactionContext   : Rolled back transaction for test context [DefaultTestContext@1218975c testClass = UserRepositoryTest, testInstance = com.hub.social.domain.UserRepositoryTest@4fef5c54, testMethod = shouldRejectDuplicateEmails@UserRepositoryTest, testException = [null], mergedContextConfiguration = [MergedContextConfiguration@14b1e866 testClass = UserRepositoryTest, locations = '{}', classes = '{class com.hub.social.domain.UserRepositoryTest}', contextInitializerClasses = '[]', activeProfiles = '{}', propertySourceLocations = '{}', propertySourceProperties = '{org.springframework.boot.test.context.SpringBootTestContextBootstrapper=true}', contextCustomizers = set[[ImportsContextCustomizer@41dcecd3 key = [Package Import com.hub.social.domain, org.springframework.boot.autoconfigure.cache.CacheAutoConfiguration, org.springframework.boot.autoconfigure.data.jpa.JpaRepositoriesAutoConfiguration, org.springframework.boot.autoconfigure.flyway.FlywayAutoConfiguration, org.springframework.boot.autoconfigure.jdbc.DataSourceAutoConfiguration, org.springframework.boot.autoconfigure.jdbc.DataSourceTransactionManagerAutoConfiguration, org.springframework.boot.autoconfigure.jdbc.JdbcTemplateAutoConfiguration, org.springframework.boot.autoconfigure.liquibase.LiquibaseAutoConfiguration, org.springframework.boot.autoconfigure.orm.jpa.HibernateJpaAutoConfiguration, org.springframework.boot.autoconfigure.transaction.TransactionAutoConfiguration, org.springframework.boot.test.autoconfigure.jdbc.TestDatabaseAutoConfiguration, org.springframework.boot.test.autoconfigure.orm.jpa.TestEntityManagerAutoConfiguration]], org.springframework.boot.test.context.filter.ExcludeFilterContextCustomizer@66f794a2, org.springframework.boot.test.mock.mockito.MockitoContextCustomizer@0, org.springframework.boot.test.autoconfigure.OverrideAutoConfigurationContextCustomizerFactory$DisableAutoConfigurationContextCustomizer@2d13cec9, org.springframework.boot.test.autoconfigure.filter.TypeExcludeFiltersContextCustomizer@351584c0, org.springframework.boot.test.autoconfigure.properties.PropertyMappingContextCustomizer@98ec8bd, org.springframework.boot.test.autoconfigure.web.servlet.WebDriverContextCustomizerFactory$Customizer@2d302586], contextLoader = 'org.springframework.boot.test.context.SpringBootContextLoader', parent = [null]]].
2019-06-11 10:10:27.769  INFO 15148 --- [    Test worker] o.s.t.c.transaction.TransactionContext   : Began transaction (1) for test context [DefaultTestContext@1218975c testClass = UserRepositoryTest, testInstance = com.hub.social.domain.UserRepositoryTest@7eec392c, testMethod = shouldSaveFollowers@UserRepositoryTest, testException = [null], mergedContextConfiguration = [MergedContextConfiguration@14b1e866 testClass = UserRepositoryTest, locations = '{}', classes = '{class com.hub.social.domain.UserRepositoryTest}', contextInitializerClasses = '[]', activeProfiles = '{}', propertySourceLocations = '{}', propertySourceProperties = '{org.springframework.boot.test.context.SpringBootTestContextBootstrapper=true}', contextCustomizers = set[[ImportsContextCustomizer@41dcecd3 key = [Package Import com.hub.social.domain, org.springframework.boot.autoconfigure.cache.CacheAutoConfiguration, org.springframework.boot.autoconfigure.data.jpa.JpaRepositoriesAutoConfiguration, org.springframework.boot.autoconfigure.flyway.FlywayAutoConfiguration, org.springframework.boot.autoconfigure.jdbc.DataSourceAutoConfiguration, org.springframework.boot.autoconfigure.jdbc.DataSourceTransactionManagerAutoConfiguration, org.springframework.boot.autoconfigure.jdbc.JdbcTemplateAutoConfiguration, org.springframework.boot.autoconfigure.liquibase.LiquibaseAutoConfiguration, org.springframework.boot.autoconfigure.orm.jpa.HibernateJpaAutoConfiguration, org.springframework.boot.autoconfigure.transaction.TransactionAutoConfiguration, org.springframework.boot.test.autoconfigure.jdbc.TestDatabaseAutoConfiguration, org.springframework.boot.test.autoconfigure.orm.jpa.TestEntityManagerAutoConfiguration]], org.springframework.boot.test.context.filter.ExcludeFilterContextCustomizer@66f794a2, org.springframework.boot.test.mock.mockito.MockitoContextCustomizer@0, org.springframework.boot.test.autoconfigure.OverrideAutoConfigurationContextCustomizerFactory$DisableAutoConfigurationContextCustomizer@2d13cec9, org.springframework.boot.test.autoconfigure.filter.TypeExcludeFiltersContextCustomizer@351584c0, org.springframework.boot.test.autoconfigure.properties.PropertyMappingContextCustomizer@98ec8bd, org.springframework.boot.test.autoconfigure.web.servlet.WebDriverContextCustomizerFactory$Customizer@2d302586], contextLoader = 'org.springframework.boot.test.context.SpringBootContextLoader', parent = [null]]]; transaction manager [org.springframework.orm.jpa.JpaTransactionManager@470e855b]; rollback [true]
Hibernate: select user0_.id as id1_2_1_, user0_.email as email2_2_1_, user0_.username as username3_2_1_, messages1_.author_id as author_i4_0_3_, messages1_.id as id1_0_3_, messages1_.id as id1_0_0_, messages1_.author_id as author_i4_0_0_, messages1_.body as body2_0_0_, messages1_.publish_time as publish_3_0_0_ from user user0_ left outer join message messages1_ on user0_.id=messages1_.author_id where user0_.id=? order by messages1_.publish_time desc
Hibernate: select user0_.id as id1_2_1_, user0_.email as email2_2_1_, user0_.username as username3_2_1_, messages1_.author_id as author_i4_0_3_, messages1_.id as id1_0_3_, messages1_.id as id1_0_0_, messages1_.author_id as author_i4_0_0_, messages1_.body as body2_0_0_, messages1_.publish_time as publish_3_0_0_ from user user0_ left outer join message messages1_ on user0_.id=messages1_.author_id where user0_.id=? order by messages1_.publish_time desc
Hibernate: insert into user (email, username, id) values (?, ?, ?)
Hibernate: insert into user (email, username, id) values (?, ?, ?)
Hibernate: insert into user_followers (user_id, followers_id) values (?, ?)
2019-06-11 10:10:27.801  INFO 15148 --- [    Test worker] o.h.h.i.QueryTranslatorFactoryInitiator  : HHH000397: Using ASTQueryTranslatorFactory
Hibernate: select user0_.id as id1_2_, user0_.email as email2_2_, user0_.username as username3_2_ from user user0_ where user0_.id=?
Hibernate: delete from user_followers where user_id=?
Hibernate: select user0_.id as id1_2_, user0_.email as email2_2_, user0_.username as username3_2_ from user user0_ where user0_.id=?
2019-06-11 10:10:27.949  INFO 15148 --- [    Test worker] o.s.t.c.transaction.TransactionContext   : Rolled back transaction for test context [DefaultTestContext@1218975c testClass = UserRepositoryTest, testInstance = com.hub.social.domain.UserRepositoryTest@7eec392c, testMethod = shouldSaveFollowers@UserRepositoryTest, testException = [null], mergedContextConfiguration = [MergedContextConfiguration@14b1e866 testClass = UserRepositoryTest, locations = '{}', classes = '{class com.hub.social.domain.UserRepositoryTest}', contextInitializerClasses = '[]', activeProfiles = '{}', propertySourceLocations = '{}', propertySourceProperties = '{org.springframework.boot.test.context.SpringBootTestContextBootstrapper=true}', contextCustomizers = set[[ImportsContextCustomizer@41dcecd3 key = [Package Import com.hub.social.domain, org.springframework.boot.autoconfigure.cache.CacheAutoConfiguration, org.springframework.boot.autoconfigure.data.jpa.JpaRepositoriesAutoConfiguration, org.springframework.boot.autoconfigure.flyway.FlywayAutoConfiguration, org.springframework.boot.autoconfigure.jdbc.DataSourceAutoConfiguration, org.springframework.boot.autoconfigure.jdbc.DataSourceTransactionManagerAutoConfiguration, org.springframework.boot.autoconfigure.jdbc.JdbcTemplateAutoConfiguration, org.springframework.boot.autoconfigure.liquibase.LiquibaseAutoConfiguration, org.springframework.boot.autoconfigure.orm.jpa.HibernateJpaAutoConfiguration, org.springframework.boot.autoconfigure.transaction.TransactionAutoConfiguration, org.springframework.boot.test.autoconfigure.jdbc.TestDatabaseAutoConfiguration, org.springframework.boot.test.autoconfigure.orm.jpa.TestEntityManagerAutoConfiguration]], org.springframework.boot.test.context.filter.ExcludeFilterContextCustomizer@66f794a2, org.springframework.boot.test.mock.mockito.MockitoContextCustomizer@0, org.springframework.boot.test.autoconfigure.OverrideAutoConfigurationContextCustomizerFactory$DisableAutoConfigurationContextCustomizer@2d13cec9, org.springframework.boot.test.autoconfigure.filter.TypeExcludeFiltersContextCustomizer@351584c0, org.springframework.boot.test.autoconfigure.properties.PropertyMappingContextCustomizer@98ec8bd, org.springframework.boot.test.autoconfigure.web.servlet.WebDriverContextCustomizerFactory$Customizer@2d302586], contextLoader = 'org.springframework.boot.test.context.SpringBootContextLoader', parent = [null]]].
2019-06-11 10:10:27.952  INFO 15148 --- [    Test worker] o.s.t.c.transaction.TransactionContext   : Began transaction (1) for test context [DefaultTestContext@1218975c testClass = UserRepositoryTest, testInstance = com.hub.social.domain.UserRepositoryTest@18695c0f, testMethod = shouldCascadeMessages@UserRepositoryTest, testException = [null], mergedContextConfiguration = [MergedContextConfiguration@14b1e866 testClass = UserRepositoryTest, locations = '{}', classes = '{class com.hub.social.domain.UserRepositoryTest}', contextInitializerClasses = '[]', activeProfiles = '{}', propertySourceLocations = '{}', propertySourceProperties = '{org.springframework.boot.test.context.SpringBootTestContextBootstrapper=true}', contextCustomizers = set[[ImportsContextCustomizer@41dcecd3 key = [Package Import com.hub.social.domain, org.springframework.boot.autoconfigure.cache.CacheAutoConfiguration, org.springframework.boot.autoconfigure.data.jpa.JpaRepositoriesAutoConfiguration, org.springframework.boot.autoconfigure.flyway.FlywayAutoConfiguration, org.springframework.boot.autoconfigure.jdbc.DataSourceAutoConfiguration, org.springframework.boot.autoconfigure.jdbc.DataSourceTransactionManagerAutoConfiguration, org.springframework.boot.autoconfigure.jdbc.JdbcTemplateAutoConfiguration, org.springframework.boot.autoconfigure.liquibase.LiquibaseAutoConfiguration, org.springframework.boot.autoconfigure.orm.jpa.HibernateJpaAutoConfiguration, org.springframework.boot.autoconfigure.transaction.TransactionAutoConfiguration, org.springframework.boot.test.autoconfigure.jdbc.TestDatabaseAutoConfiguration, org.springframework.boot.test.autoconfigure.orm.jpa.TestEntityManagerAutoConfiguration]], org.springframework.boot.test.context.filter.ExcludeFilterContextCustomizer@66f794a2, org.springframework.boot.test.mock.mockito.MockitoContextCustomizer@0, org.springframework.boot.test.autoconfigure.OverrideAutoConfigurationContextCustomizerFactory$DisableAutoConfigurationContextCustomizer@2d13cec9, org.springframework.boot.test.autoconfigure.filter.TypeExcludeFiltersContextCustomizer@351584c0, org.springframework.boot.test.autoconfigure.properties.PropertyMappingContextCustomizer@98ec8bd, org.springframework.boot.test.autoconfigure.web.servlet.WebDriverContextCustomizerFactory$Customizer@2d302586], contextLoader = 'org.springframework.boot.test.context.SpringBootContextLoader', parent = [null]]]; transaction manager [org.springframework.orm.jpa.JpaTransactionManager@470e855b]; rollback [true]
Hibernate: select user0_.id as id1_2_1_, user0_.email as email2_2_1_, user0_.username as username3_2_1_, messages1_.author_id as author_i4_0_3_, messages1_.id as id1_0_3_, messages1_.id as id1_0_0_, messages1_.author_id as author_i4_0_0_, messages1_.body as body2_0_0_, messages1_.publish_time as publish_3_0_0_ from user user0_ left outer join message messages1_ on user0_.id=messages1_.author_id where user0_.id=? order by messages1_.publish_time desc
Hibernate: select message0_.id as id1_0_0_, message0_.author_id as author_i4_0_0_, message0_.body as body2_0_0_, message0_.publish_time as publish_3_0_0_ from message message0_ where message0_.id=?
Hibernate: insert into user (email, username, id) values (?, ?, ?)
Hibernate: insert into message (author_id, body, publish_time, id) values (?, ?, ?, ?)
Hibernate: select user0_.id as id1_2_, user0_.email as email2_2_, user0_.username as username3_2_ from user user0_ where user0_.id=?
2019-06-11 10:10:27.979  INFO 15148 --- [    Test worker] o.s.t.c.transaction.TransactionContext   : Rolled back transaction for test context [DefaultTestContext@1218975c testClass = UserRepositoryTest, testInstance = com.hub.social.domain.UserRepositoryTest@18695c0f, testMethod = shouldCascadeMessages@UserRepositoryTest, testException = [null], mergedContextConfiguration = [MergedContextConfiguration@14b1e866 testClass = UserRepositoryTest, locations = '{}', classes = '{class com.hub.social.domain.UserRepositoryTest}', contextInitializerClasses = '[]', activeProfiles = '{}', propertySourceLocations = '{}', propertySourceProperties = '{org.springframework.boot.test.context.SpringBootTestContextBootstrapper=true}', contextCustomizers = set[[ImportsContextCustomizer@41dcecd3 key = [Package Import com.hub.social.domain, org.springframework.boot.autoconfigure.cache.CacheAutoConfiguration, org.springframework.boot.autoconfigure.data.jpa.JpaRepositoriesAutoConfiguration, org.springframework.boot.autoconfigure.flyway.FlywayAutoConfiguration, org.springframework.boot.autoconfigure.jdbc.DataSourceAutoConfiguration, org.springframework.boot.autoconfigure.jdbc.DataSourceTransactionManagerAutoConfiguration, org.springframework.boot.autoconfigure.jdbc.JdbcTemplateAutoConfiguration, org.springframework.boot.autoconfigure.liquibase.LiquibaseAutoConfiguration, org.springframework.boot.autoconfigure.orm.jpa.HibernateJpaAutoConfiguration, org.springframework.boot.autoconfigure.transaction.TransactionAutoConfiguration, org.springframework.boot.test.autoconfigure.jdbc.TestDatabaseAutoConfiguration, org.springframework.boot.test.autoconfigure.orm.jpa.TestEntityManagerAutoConfiguration]], org.springframework.boot.test.context.filter.ExcludeFilterContextCustomizer@66f794a2, org.springframework.boot.test.mock.mockito.MockitoContextCustomizer@0, org.springframework.boot.test.autoconfigure.OverrideAutoConfigurationContextCustomizerFactory$DisableAutoConfigurationContextCustomizer@2d13cec9, org.springframework.boot.test.autoconfigure.filter.TypeExcludeFiltersContextCustomizer@351584c0, org.springframework.boot.test.autoconfigure.properties.PropertyMappingContextCustomizer@98ec8bd, org.springframework.boot.test.autoconfigure.web.servlet.WebDriverContextCustomizerFactory$Customizer@2d302586], contextLoader = 'org.springframework.boot.test.context.SpringBootContextLoader', parent = [null]]].
2019-06-11 10:10:27.982  INFO 15148 --- [    Test worker] o.s.t.c.transaction.TransactionContext   : Began transaction (1) for test context [DefaultTestContext@1218975c testClass = UserRepositoryTest, testInstance = com.hub.social.domain.UserRepositoryTest@75d42a2a, testMethod = shouldRejectDuplicateUsernames@UserRepositoryTest, testException = [null], mergedContextConfiguration = [MergedContextConfiguration@14b1e866 testClass = UserRepositoryTest, locations = '{}', classes = '{class com.hub.social.domain.UserRepositoryTest}', contextInitializerClasses = '[]', activeProfiles = '{}', propertySourceLocations = '{}', propertySourceProperties = '{org.springframework.boot.test.context.SpringBootTestContextBootstrapper=true}', contextCustomizers = set[[ImportsContextCustomizer@41dcecd3 key = [Package Import com.hub.social.domain, org.springframework.boot.autoconfigure.cache.CacheAutoConfiguration, org.springframework.boot.autoconfigure.data.jpa.JpaRepositoriesAutoConfiguration, org.springframework.boot.autoconfigure.flyway.FlywayAutoConfiguration, org.springframework.boot.autoconfigure.jdbc.DataSourceAutoConfiguration, org.springframework.boot.autoconfigure.jdbc.DataSourceTransactionManagerAutoConfiguration, org.springframework.boot.autoconfigure.jdbc.JdbcTemplateAutoConfiguration, org.springframework.boot.autoconfigure.liquibase.LiquibaseAutoConfiguration, org.springframework.boot.autoconfigure.orm.jpa.HibernateJpaAutoConfiguration, org.springframework.boot.autoconfigure.transaction.TransactionAutoConfiguration, org.springframework.boot.test.autoconfigure.jdbc.TestDatabaseAutoConfiguration, org.springframework.boot.test.autoconfigure.orm.jpa.TestEntityManagerAutoConfiguration]], org.springframework.boot.test.context.filter.ExcludeFilterContextCustomizer@66f794a2, org.springframework.boot.test.mock.mockito.MockitoContextCustomizer@0, org.springframework.boot.test.autoconfigure.OverrideAutoConfigurationContextCustomizerFactory$DisableAutoConfigurationContextCustomizer@2d13cec9, org.springframework.boot.test.autoconfigure.filter.TypeExcludeFiltersContextCustomizer@351584c0, org.springframework.boot.test.autoconfigure.properties.PropertyMappingContextCustomizer@98ec8bd, org.springframework.boot.test.autoconfigure.web.servlet.WebDriverContextCustomizerFactory$Customizer@2d302586], contextLoader = 'org.springframework.boot.test.context.SpringBootContextLoader', parent = [null]]]; transaction manager [org.springframework.orm.jpa.JpaTransactionManager@470e855b]; rollback [true]
Hibernate: select user0_.id as id1_2_1_, user0_.email as email2_2_1_, user0_.username as username3_2_1_, messages1_.author_id as author_i4_0_3_, messages1_.id as id1_0_3_, messages1_.id as id1_0_0_, messages1_.author_id as author_i4_0_0_, messages1_.body as body2_0_0_, messages1_.publish_time as publish_3_0_0_ from user user0_ left outer join message messages1_ on user0_.id=messages1_.author_id where user0_.id=? order by messages1_.publish_time desc
Hibernate: select user0_.id as id1_2_1_, user0_.email as email2_2_1_, user0_.username as username3_2_1_, messages1_.author_id as author_i4_0_3_, messages1_.id as id1_0_3_, messages1_.id as id1_0_0_, messages1_.author_id as author_i4_0_0_, messages1_.body as body2_0_0_, messages1_.publish_time as publish_3_0_0_ from user user0_ left outer join message messages1_ on user0_.id=messages1_.author_id where user0_.id=? order by messages1_.publish_time desc
Hibernate: insert into user (email, username, id) values (?, ?, ?)
Hibernate: insert into user (email, username, id) values (?, ?, ?)
2019-06-11 10:10:27.989  WARN 15148 --- [    Test worker] o.h.engine.jdbc.spi.SqlExceptionHelper   : SQL Error: 23505, SQLState: 23505
2019-06-11 10:10:27.989 ERROR 15148 --- [    Test worker] o.h.engine.jdbc.spi.SqlExceptionHelper   : Unique index or primary key violation: "UK_SB8BBOUER5WAK8VYIIY4PF2BX_INDEX_2 ON PUBLIC.USER(USERNAME) VALUES ('user', 6)"; SQL statement:
insert into user (email, username, id) values (?, ?, ?) [23505-193]
2019-06-11 10:10:27.989  INFO 15148 --- [    Test worker] o.h.e.j.b.internal.AbstractBatchImpl     : HHH000010: On release of batch it still contained JDBC statements
2019-06-11 10:10:27.992  INFO 15148 --- [    Test worker] o.s.t.c.transaction.TransactionContext   : Rolled back transaction for test context [DefaultTestContext@1218975c testClass = UserRepositoryTest, testInstance = com.hub.social.domain.UserRepositoryTest@75d42a2a, testMethod = shouldRejectDuplicateUsernames@UserRepositoryTest, testException = [null], mergedContextConfiguration = [MergedContextConfiguration@14b1e866 testClass = UserRepositoryTest, locations = '{}', classes = '{class com.hub.social.domain.UserRepositoryTest}', contextInitializerClasses = '[]', activeProfiles = '{}', propertySourceLocations = '{}', propertySourceProperties = '{org.springframework.boot.test.context.SpringBootTestContextBootstrapper=true}', contextCustomizers = set[[ImportsContextCustomizer@41dcecd3 key = [Package Import com.hub.social.domain, org.springframework.boot.autoconfigure.cache.CacheAutoConfiguration, org.springframework.boot.autoconfigure.data.jpa.JpaRepositoriesAutoConfiguration, org.springframework.boot.autoconfigure.flyway.FlywayAutoConfiguration, org.springframework.boot.autoconfigure.jdbc.DataSourceAutoConfiguration, org.springframework.boot.autoconfigure.jdbc.DataSourceTransactionManagerAutoConfiguration, org.springframework.boot.autoconfigure.jdbc.JdbcTemplateAutoConfiguration, org.springframework.boot.autoconfigure.liquibase.LiquibaseAutoConfiguration, org.springframework.boot.autoconfigure.orm.jpa.HibernateJpaAutoConfiguration, org.springframework.boot.autoconfigure.transaction.TransactionAutoConfiguration, org.springframework.boot.test.autoconfigure.jdbc.TestDatabaseAutoConfiguration, org.springframework.boot.test.autoconfigure.orm.jpa.TestEntityManagerAutoConfiguration]], org.springframework.boot.test.context.filter.ExcludeFilterContextCustomizer@66f794a2, org.springframework.boot.test.mock.mockito.MockitoContextCustomizer@0, org.springframework.boot.test.autoconfigure.OverrideAutoConfigurationContextCustomizerFactory$DisableAutoConfigurationContextCustomizer@2d13cec9, org.springframework.boot.test.autoconfigure.filter.TypeExcludeFiltersContextCustomizer@351584c0, org.springframework.boot.test.autoconfigure.properties.PropertyMappingContextCustomizer@98ec8bd, org.springframework.boot.test.autoconfigure.web.servlet.WebDriverContextCustomizerFactory$Customizer@2d302586], contextLoader = 'org.springframework.boot.test.context.SpringBootContextLoader', parent = [null]]].
2019-06-11 10:10:27.995  INFO 15148 --- [    Test worker] o.s.t.c.transaction.TransactionContext   : Began transaction (1) for test context [DefaultTestContext@1218975c testClass = UserRepositoryTest, testInstance = com.hub.social.domain.UserRepositoryTest@790df634, testMethod = shouldSaveReplies@UserRepositoryTest, testException = [null], mergedContextConfiguration = [MergedContextConfiguration@14b1e866 testClass = UserRepositoryTest, locations = '{}', classes = '{class com.hub.social.domain.UserRepositoryTest}', contextInitializerClasses = '[]', activeProfiles = '{}', propertySourceLocations = '{}', propertySourceProperties = '{org.springframework.boot.test.context.SpringBootTestContextBootstrapper=true}', contextCustomizers = set[[ImportsContextCustomizer@41dcecd3 key = [Package Import com.hub.social.domain, org.springframework.boot.autoconfigure.cache.CacheAutoConfiguration, org.springframework.boot.autoconfigure.data.jpa.JpaRepositoriesAutoConfiguration, org.springframework.boot.autoconfigure.flyway.FlywayAutoConfiguration, org.springframework.boot.autoconfigure.jdbc.DataSourceAutoConfiguration, org.springframework.boot.autoconfigure.jdbc.DataSourceTransactionManagerAutoConfiguration, org.springframework.boot.autoconfigure.jdbc.JdbcTemplateAutoConfiguration, org.springframework.boot.autoconfigure.liquibase.LiquibaseAutoConfiguration, org.springframework.boot.autoconfigure.orm.jpa.HibernateJpaAutoConfiguration, org.springframework.boot.autoconfigure.transaction.TransactionAutoConfiguration, org.springframework.boot.test.autoconfigure.jdbc.TestDatabaseAutoConfiguration, org.springframework.boot.test.autoconfigure.orm.jpa.TestEntityManagerAutoConfiguration]], org.springframework.boot.test.context.filter.ExcludeFilterContextCustomizer@66f794a2, org.springframework.boot.test.mock.mockito.MockitoContextCustomizer@0, org.springframework.boot.test.autoconfigure.OverrideAutoConfigurationContextCustomizerFactory$DisableAutoConfigurationContextCustomizer@2d13cec9, org.springframework.boot.test.autoconfigure.filter.TypeExcludeFiltersContextCustomizer@351584c0, org.springframework.boot.test.autoconfigure.properties.PropertyMappingContextCustomizer@98ec8bd, org.springframework.boot.test.autoconfigure.web.servlet.WebDriverContextCustomizerFactory$Customizer@2d302586], contextLoader = 'org.springframework.boot.test.context.SpringBootContextLoader', parent = [null]]]; transaction manager [org.springframework.orm.jpa.JpaTransactionManager@470e855b]; rollback [true]
Hibernate: select user0_.id as id1_2_1_, user0_.email as email2_2_1_, user0_.username as username3_2_1_, messages1_.author_id as author_i4_0_3_, messages1_.id as id1_0_3_, messages1_.id as id1_0_0_, messages1_.author_id as author_i4_0_0_, messages1_.body as body2_0_0_, messages1_.publish_time as publish_3_0_0_ from user user0_ left outer join message messages1_ on user0_.id=messages1_.author_id where user0_.id=? order by messages1_.publish_time desc
Hibernate: select message0_.id as id1_0_0_, message0_.author_id as author_i4_0_0_, message0_.body as body2_0_0_, message0_.publish_time as publish_3_0_0_ from message message0_ where message0_.id=?
Hibernate: select user0_.id as id1_2_1_, user0_.email as email2_2_1_, user0_.username as username3_2_1_, messages1_.author_id as author_i4_0_3_, messages1_.id as id1_0_3_, messages1_.id as id1_0_0_, messages1_.author_id as author_i4_0_0_, messages1_.body as body2_0_0_, messages1_.publish_time as publish_3_0_0_ from user user0_ left outer join message messages1_ on user0_.id=messages1_.author_id where user0_.id=? order by messages1_.publish_time desc
Hibernate: select message0_.id as id1_0_0_, message0_.author_id as author_i4_0_0_, message0_.body as body2_0_0_, message0_.publish_time as publish_3_0_0_ from message message0_ where message0_.id=?
Hibernate: insert into user (email, username, id) values (?, ?, ?)
Hibernate: insert into message (author_id, body, publish_time, id) values (?, ?, ?, ?)
Hibernate: insert into user (email, username, id) values (?, ?, ?)
Hibernate: insert into message (author_id, body, publish_time, id) values (?, ?, ?, ?)
Hibernate: insert into message_replies (message_id, replies_id) values (?, ?)
Hibernate: select user0_.id as id1_2_, user0_.email as email2_2_, user0_.username as username3_2_ from user user0_ where user0_.id=?
Hibernate: select user0_.id as id1_2_, user0_.email as email2_2_, user0_.username as username3_2_ from user user0_ where user0_.id=?
2019-06-11 10:10:28.011  INFO 15148 --- [    Test worker] o.s.t.c.transaction.TransactionContext   : Rolled back transaction for test context [DefaultTestContext@1218975c testClass = UserRepositoryTest, testInstance = com.hub.social.domain.UserRepositoryTest@790df634, testMethod = shouldSaveReplies@UserRepositoryTest, testException = [null], mergedContextConfiguration = [MergedContextConfiguration@14b1e866 testClass = UserRepositoryTest, locations = '{}', classes = '{class com.hub.social.domain.UserRepositoryTest}', contextInitializerClasses = '[]', activeProfiles = '{}', propertySourceLocations = '{}', propertySourceProperties = '{org.springframework.boot.test.context.SpringBootTestContextBootstrapper=true}', contextCustomizers = set[[ImportsContextCustomizer@41dcecd3 key = [Package Import com.hub.social.domain, org.springframework.boot.autoconfigure.cache.CacheAutoConfiguration, org.springframework.boot.autoconfigure.data.jpa.JpaRepositoriesAutoConfiguration, org.springframework.boot.autoconfigure.flyway.FlywayAutoConfiguration, org.springframework.boot.autoconfigure.jdbc.DataSourceAutoConfiguration, org.springframework.boot.autoconfigure.jdbc.DataSourceTransactionManagerAutoConfiguration, org.springframework.boot.autoconfigure.jdbc.JdbcTemplateAutoConfiguration, org.springframework.boot.autoconfigure.liquibase.LiquibaseAutoConfiguration, org.springframework.boot.autoconfigure.orm.jpa.HibernateJpaAutoConfiguration, org.springframework.boot.autoconfigure.transaction.TransactionAutoConfiguration, org.springframework.boot.test.autoconfigure.jdbc.TestDatabaseAutoConfiguration, org.springframework.boot.test.autoconfigure.orm.jpa.TestEntityManagerAutoConfiguration]], org.springframework.boot.test.context.filter.ExcludeFilterContextCustomizer@66f794a2, org.springframework.boot.test.mock.mockito.MockitoContextCustomizer@0, org.springframework.boot.test.autoconfigure.OverrideAutoConfigurationContextCustomizerFactory$DisableAutoConfigurationContextCustomizer@2d13cec9, org.springframework.boot.test.autoconfigure.filter.TypeExcludeFiltersContextCustomizer@351584c0, org.springframework.boot.test.autoconfigure.properties.PropertyMappingContextCustomizer@98ec8bd, org.springframework.boot.test.autoconfigure.web.servlet.WebDriverContextCustomizerFactory$Customizer@2d302586], contextLoader = 'org.springframework.boot.test.context.SpringBootContextLoader', parent = [null]]].
]]></system-out>
  <system-err><![CDATA[]]></system-err>
</testsuite>
