<?xml version="1.0" encoding="UTF-8"?>
<testsuite name="com.hub.social.querydsl.InboxQueryDslPredicateTest" tests="1" skipped="0" failures="0" errors="0" timestamp="2019-06-11T15:10:30" hostname="CO-IT005102" time="0.474">
  <properties/>
  <testcase name="findAll" classname="com.hub.social.querydsl.InboxQueryDslPredicateTest" time="0.474"/>
  <system-out><![CDATA[2019-06-11 10:10:30.922  INFO 15148 --- [    Test worker] o.s.t.c.support.AbstractContextLoader    : Could not detect default resource locations for test class [com.hub.social.querydsl.InboxQueryDslPredicateTest]: no resource found for suffixes {-context.xml, Context.groovy}.
2019-06-11 10:10:30.946  INFO 15148 --- [    Test worker] .b.t.c.SpringBootTestContextBootstrapper : Loaded default TestExecutionListener class names from location [META-INF/spring.factories]: [org.springframework.boot.test.mock.mockito.MockitoTestExecutionListener, org.springframework.boot.test.mock.mockito.ResetMocksTestExecutionListener, org.springframework.boot.test.autoconfigure.restdocs.RestDocsTestExecutionListener, org.springframework.boot.test.autoconfigure.web.client.MockRestServiceServerResetTestExecutionListener, org.springframework.boot.test.autoconfigure.web.servlet.MockMvcPrintOnlyOnFailureTestExecutionListener, org.springframework.boot.test.autoconfigure.web.servlet.WebDriverTestExecutionListener, org.springframework.test.context.web.ServletTestExecutionListener, org.springframework.test.context.support.DirtiesContextBeforeModesTestExecutionListener, org.springframework.test.context.support.DependencyInjectionTestExecutionListener, org.springframework.test.context.support.DirtiesContextTestExecutionListener, org.springframework.test.context.transaction.TransactionalTestExecutionListener, org.springframework.test.context.jdbc.SqlScriptsTestExecutionListener]
2019-06-11 10:10:30.950  INFO 15148 --- [    Test worker] .b.t.c.SpringBootTestContextBootstrapper : Using TestExecutionListeners: [org.springframework.test.context.web.ServletTestExecutionListener@14573979, org.springframework.test.context.support.DirtiesContextBeforeModesTestExecutionListener@34bd61eb, org.springframework.boot.test.autoconfigure.SpringBootDependencyInjectionTestExecutionListener@28c9f9da, org.springframework.test.context.support.DirtiesContextTestExecutionListener@26004aea, org.springframework.test.context.transaction.TransactionalTestExecutionListener@b3123a2, org.springframework.test.context.jdbc.SqlScriptsTestExecutionListener@54dcb916, org.springframework.boot.test.mock.mockito.ResetMocksTestExecutionListener@33bc8d7e, org.springframework.boot.test.autoconfigure.web.client.MockRestServiceServerResetTestExecutionListener@17cfd6f9, org.springframework.boot.test.autoconfigure.web.servlet.WebDriverTestExecutionListener@15e1db91, org.springframework.boot.test.autoconfigure.restdocs.RestDocsTestExecutionListener@24c4d432, org.springframework.boot.test.autoconfigure.web.servlet.MockMvcPrintOnlyOnFailureTestExecutionListener@73446aa9, org.springframework.boot.test.mock.mockito.MockitoTestExecutionListener@1ad51226]
2019-06-11 10:10:30.967  INFO 15148 --- [    Test worker] o.s.t.c.transaction.TransactionContext   : Began transaction (1) for test context [DefaultTestContext@5b6188f0 testClass = InboxQueryDslPredicateTest, testInstance = com.hub.social.querydsl.InboxQueryDslPredicateTest@18f66b44, testMethod = findAll@InboxQueryDslPredicateTest, testException = [null], mergedContextConfiguration = [MergedContextConfiguration@1737fbe testClass = InboxQueryDslPredicateTest, locations = '{}', classes = '{class com.hub.social.domain.JpaTestConfiguration}', contextInitializerClasses = '[]', activeProfiles = '{}', propertySourceLocations = '{}', propertySourceProperties = '{org.springframework.boot.test.context.SpringBootTestContextBootstrapper=true}', contextCustomizers = set[[ImportsContextCustomizer@3944ee6 key = [Package Import com.hub.social.querydsl, org.springframework.boot.autoconfigure.cache.CacheAutoConfiguration, org.springframework.boot.autoconfigure.data.jpa.JpaRepositoriesAutoConfiguration, org.springframework.boot.autoconfigure.flyway.FlywayAutoConfiguration, org.springframework.boot.autoconfigure.jdbc.DataSourceAutoConfiguration, org.springframework.boot.autoconfigure.jdbc.DataSourceTransactionManagerAutoConfiguration, org.springframework.boot.autoconfigure.jdbc.JdbcTemplateAutoConfiguration, org.springframework.boot.autoconfigure.liquibase.LiquibaseAutoConfiguration, org.springframework.boot.autoconfigure.orm.jpa.HibernateJpaAutoConfiguration, org.springframework.boot.autoconfigure.transaction.TransactionAutoConfiguration, org.springframework.boot.test.autoconfigure.jdbc.TestDatabaseAutoConfiguration, org.springframework.boot.test.autoconfigure.orm.jpa.TestEntityManagerAutoConfiguration]], org.springframework.boot.test.context.filter.ExcludeFilterContextCustomizer@66f794a2, org.springframework.boot.test.mock.mockito.MockitoContextCustomizer@0, org.springframework.boot.test.autoconfigure.OverrideAutoConfigurationContextCustomizerFactory$DisableAutoConfigurationContextCustomizer@2d13cec9, org.springframework.boot.test.autoconfigure.filter.TypeExcludeFiltersContextCustomizer@351584c0, org.springframework.boot.test.autoconfigure.properties.PropertyMappingContextCustomizer@98ec8bd, org.springframework.boot.test.autoconfigure.web.servlet.WebDriverContextCustomizerFactory$Customizer@2d302586], contextLoader = 'org.springframework.boot.test.context.SpringBootContextLoader', parent = [null]]]; transaction manager [org.springframework.orm.jpa.JpaTransactionManager@2ff0a66e]; rollback [true]
Hibernate: select user0_.id as id1_2_1_, user0_.email as email2_2_1_, user0_.username as username3_2_1_, messages1_.author_id as author_i4_0_3_, messages1_.id as id1_0_3_, messages1_.id as id1_0_0_, messages1_.author_id as author_i4_0_0_, messages1_.body as body2_0_0_, messages1_.publish_time as publish_3_0_0_ from user user0_ left outer join message messages1_ on user0_.id=messages1_.author_id where user0_.id=? order by messages1_.publish_time desc
Hibernate: select message0_.id as id1_0_0_, message0_.author_id as author_i4_0_0_, message0_.body as body2_0_0_, message0_.publish_time as publish_3_0_0_ from message message0_ where message0_.id=?
Hibernate: select user0_.id as id1_2_1_, user0_.email as email2_2_1_, user0_.username as username3_2_1_, messages1_.author_id as author_i4_0_3_, messages1_.id as id1_0_3_, messages1_.id as id1_0_0_, messages1_.author_id as author_i4_0_0_, messages1_.body as body2_0_0_, messages1_.publish_time as publish_3_0_0_ from user user0_ left outer join message messages1_ on user0_.id=messages1_.author_id where user0_.id=? order by messages1_.publish_time desc
Hibernate: select message0_.id as id1_0_0_, message0_.author_id as author_i4_0_0_, message0_.body as body2_0_0_, message0_.publish_time as publish_3_0_0_ from message message0_ where message0_.id=?
Hibernate: select message0_.id as id1_0_0_, message0_.author_id as author_i4_0_0_, message0_.body as body2_0_0_, message0_.publish_time as publish_3_0_0_ from message message0_ where message0_.id=?
Hibernate: select user0_.id as id1_2_1_, user0_.email as email2_2_1_, user0_.username as username3_2_1_, messages1_.author_id as author_i4_0_3_, messages1_.id as id1_0_3_, messages1_.id as id1_0_0_, messages1_.author_id as author_i4_0_0_, messages1_.body as body2_0_0_, messages1_.publish_time as publish_3_0_0_ from user user0_ left outer join message messages1_ on user0_.id=messages1_.author_id where user0_.id=? order by messages1_.publish_time desc
Hibernate: select message0_.id as id1_0_0_, message0_.author_id as author_i4_0_0_, message0_.body as body2_0_0_, message0_.publish_time as publish_3_0_0_ from message message0_ where message0_.id=?
2019-06-11 10:10:31.413  WARN 15148 --- [    Test worker] org.hibernate.orm.deprecation            : HHH90000016: Found use of deprecated 'collection property' syntax in HQL/JPQL query [null.elements]; use collection function syntax instead [elements(null)].
Hibernate: insert into user (email, username, id) values (?, ?, ?)
Hibernate: insert into message (author_id, body, publish_time, id) values (?, ?, ?, ?)
Hibernate: insert into user (email, username, id) values (?, ?, ?)
Hibernate: insert into message (author_id, body, publish_time, id) values (?, ?, ?, ?)
Hibernate: insert into message (author_id, body, publish_time, id) values (?, ?, ?, ?)
Hibernate: insert into user (email, username, id) values (?, ?, ?)
Hibernate: insert into message (author_id, body, publish_time, id) values (?, ?, ?, ?)
Hibernate: insert into user_followers (user_id, followers_id) values (?, ?)
Hibernate: select message0_.id as id1_0_, message0_.author_id as author_i4_0_, message0_.body as body2_0_, message0_.publish_time as publish_3_0_ from message message0_ where message0_.author_id in (select user1_.id from user user1_ where (select user2_.id from user user2_ where user2_.id=?) in (select followers3_.followers_id from user_followers followers3_ where user1_.id=followers3_.user_id)) or message0_.author_id=? order by message0_.publish_time desc
Hibernate: select message0_.id as id1_0_, message0_.author_id as author_i4_0_, message0_.body as body2_0_, message0_.publish_time as publish_3_0_ from message message0_ where message0_.author_id in (select user1_.id from user user1_ where (select user2_.id from user user2_ where user2_.id=?) in (select followers3_.followers_id from user_followers followers3_ where user1_.id=followers3_.user_id)) or message0_.author_id=? order by message0_.publish_time desc limit ?
2019-06-11 10:10:31.431  WARN 15148 --- [    Test worker] org.hibernate.orm.deprecation            : HHH90000016: Found use of deprecated 'collection property' syntax in HQL/JPQL query [null.elements]; use collection function syntax instead [elements(null)].
Hibernate: select count(message0_.id) as col_0_0_ from message message0_ where message0_.author_id in (select user1_.id from user user1_ where (select user2_.id from user user2_ where user2_.id=?) in (select followers3_.followers_id from user_followers followers3_ where user1_.id=followers3_.user_id)) or message0_.author_id=?
Hibernate: select message0_.id as id1_0_, message0_.author_id as author_i4_0_, message0_.body as body2_0_, message0_.publish_time as publish_3_0_ from message message0_ where message0_.author_id in (select user1_.id from user user1_ where (select user2_.id from user user2_ where user2_.id=?) in (select followers3_.followers_id from user_followers followers3_ where user1_.id=followers3_.user_id)) or message0_.author_id=? order by message0_.publish_time desc limit ? offset ?
2019-06-11 10:10:31.438  INFO 15148 --- [    Test worker] o.s.t.c.transaction.TransactionContext   : Rolled back transaction for test context [DefaultTestContext@5b6188f0 testClass = InboxQueryDslPredicateTest, testInstance = com.hub.social.querydsl.InboxQueryDslPredicateTest@18f66b44, testMethod = findAll@InboxQueryDslPredicateTest, testException = [null], mergedContextConfiguration = [MergedContextConfiguration@1737fbe testClass = InboxQueryDslPredicateTest, locations = '{}', classes = '{class com.hub.social.domain.JpaTestConfiguration}', contextInitializerClasses = '[]', activeProfiles = '{}', propertySourceLocations = '{}', propertySourceProperties = '{org.springframework.boot.test.context.SpringBootTestContextBootstrapper=true}', contextCustomizers = set[[ImportsContextCustomizer@3944ee6 key = [Package Import com.hub.social.querydsl, org.springframework.boot.autoconfigure.cache.CacheAutoConfiguration, org.springframework.boot.autoconfigure.data.jpa.JpaRepositoriesAutoConfiguration, org.springframework.boot.autoconfigure.flyway.FlywayAutoConfiguration, org.springframework.boot.autoconfigure.jdbc.DataSourceAutoConfiguration, org.springframework.boot.autoconfigure.jdbc.DataSourceTransactionManagerAutoConfiguration, org.springframework.boot.autoconfigure.jdbc.JdbcTemplateAutoConfiguration, org.springframework.boot.autoconfigure.liquibase.LiquibaseAutoConfiguration, org.springframework.boot.autoconfigure.orm.jpa.HibernateJpaAutoConfiguration, org.springframework.boot.autoconfigure.transaction.TransactionAutoConfiguration, org.springframework.boot.test.autoconfigure.jdbc.TestDatabaseAutoConfiguration, org.springframework.boot.test.autoconfigure.orm.jpa.TestEntityManagerAutoConfiguration]], org.springframework.boot.test.context.filter.ExcludeFilterContextCustomizer@66f794a2, org.springframework.boot.test.mock.mockito.MockitoContextCustomizer@0, org.springframework.boot.test.autoconfigure.OverrideAutoConfigurationContextCustomizerFactory$DisableAutoConfigurationContextCustomizer@2d13cec9, org.springframework.boot.test.autoconfigure.filter.TypeExcludeFiltersContextCustomizer@351584c0, org.springframework.boot.test.autoconfigure.properties.PropertyMappingContextCustomizer@98ec8bd, org.springframework.boot.test.autoconfigure.web.servlet.WebDriverContextCustomizerFactory$Customizer@2d302586], contextLoader = 'org.springframework.boot.test.context.SpringBootContextLoader', parent = [null]]].
]]></system-out>
  <system-err><![CDATA[]]></system-err>
</testsuite>
